[2025-06-22T15:53:17.341+0000] {processor.py:161} INFO - Started process (PID=179) to work on /opt/airflow/dags/etl_top_users.py
[2025-06-22T15:53:17.342+0000] {processor.py:830} INFO - Processing file /opt/airflow/dags/etl_top_users.py for tasks to queue
[2025-06-22T15:53:17.346+0000] {logging_mixin.py:188} INFO - [2025-06-22T15:53:17.344+0000] {dagbag.py:538} INFO - Filling up the DagBag from /opt/airflow/dags/etl_top_users.py
[2025-06-22T15:53:18.140+0000] {processor.py:840} INFO - DAG(s) 'etl_top_users' retrieved from /opt/airflow/dags/etl_top_users.py
[2025-06-22T15:53:18.577+0000] {logging_mixin.py:188} INFO - [2025-06-22T15:53:18.577+0000] {override.py:1769} INFO - Created Permission View: can edit on DAG:etl_top_users
[2025-06-22T15:53:18.630+0000] {logging_mixin.py:188} INFO - [2025-06-22T15:53:18.629+0000] {override.py:1769} INFO - Created Permission View: can delete on DAG:etl_top_users
[2025-06-22T15:53:18.642+0000] {logging_mixin.py:188} INFO - [2025-06-22T15:53:18.641+0000] {override.py:1769} INFO - Created Permission View: can read on DAG:etl_top_users
[2025-06-22T15:53:18.643+0000] {logging_mixin.py:188} INFO - [2025-06-22T15:53:18.643+0000] {dag.py:3036} INFO - Sync 1 DAGs
[2025-06-22T15:53:18.652+0000] {logging_mixin.py:188} INFO - [2025-06-22T15:53:18.652+0000] {dag.py:3058} INFO - Creating ORM DAG for etl_top_users
[2025-06-22T15:53:18.653+0000] {logging_mixin.py:188} INFO - [2025-06-22T15:53:18.653+0000] {dag.py:3823} INFO - Setting next_dagrun for etl_top_users to None, run_after=None
[2025-06-22T15:53:18.680+0000] {processor.py:183} INFO - Processing /opt/airflow/dags/etl_top_users.py took 1.345 seconds
[2025-06-22T15:53:39.541+0000] {processor.py:161} INFO - Started process (PID=185) to work on /opt/airflow/dags/etl_top_users.py
[2025-06-22T15:53:39.543+0000] {processor.py:830} INFO - Processing file /opt/airflow/dags/etl_top_users.py for tasks to queue
[2025-06-22T15:53:39.545+0000] {logging_mixin.py:188} INFO - [2025-06-22T15:53:39.545+0000] {dagbag.py:538} INFO - Filling up the DagBag from /opt/airflow/dags/etl_top_users.py
[2025-06-22T15:53:39.776+0000] {processor.py:840} INFO - DAG(s) 'etl_top_users' retrieved from /opt/airflow/dags/etl_top_users.py
[2025-06-22T15:53:39.788+0000] {logging_mixin.py:188} INFO - [2025-06-22T15:53:39.788+0000] {dag.py:3036} INFO - Sync 1 DAGs
[2025-06-22T15:53:39.800+0000] {logging_mixin.py:188} INFO - [2025-06-22T15:53:39.800+0000] {dag.py:3823} INFO - Setting next_dagrun for etl_top_users to None, run_after=None
[2025-06-22T15:53:39.823+0000] {processor.py:183} INFO - Processing /opt/airflow/dags/etl_top_users.py took 0.288 seconds
[2025-06-22T15:54:10.084+0000] {processor.py:161} INFO - Started process (PID=191) to work on /opt/airflow/dags/etl_top_users.py
[2025-06-22T15:54:10.085+0000] {processor.py:830} INFO - Processing file /opt/airflow/dags/etl_top_users.py for tasks to queue
[2025-06-22T15:54:10.086+0000] {logging_mixin.py:188} INFO - [2025-06-22T15:54:10.086+0000] {dagbag.py:538} INFO - Filling up the DagBag from /opt/airflow/dags/etl_top_users.py
[2025-06-22T15:54:10.280+0000] {processor.py:840} INFO - DAG(s) 'etl_top_users' retrieved from /opt/airflow/dags/etl_top_users.py
[2025-06-22T15:54:10.303+0000] {logging_mixin.py:188} INFO - [2025-06-22T15:54:10.302+0000] {dag.py:3036} INFO - Sync 1 DAGs
[2025-06-22T15:54:10.313+0000] {logging_mixin.py:188} INFO - [2025-06-22T15:54:10.313+0000] {dag.py:3823} INFO - Setting next_dagrun for etl_top_users to None, run_after=None
[2025-06-22T15:54:10.367+0000] {processor.py:183} INFO - Processing /opt/airflow/dags/etl_top_users.py took 0.286 seconds
[2025-06-22T15:54:40.669+0000] {processor.py:161} INFO - Started process (PID=197) to work on /opt/airflow/dags/etl_top_users.py
[2025-06-22T15:54:40.670+0000] {processor.py:830} INFO - Processing file /opt/airflow/dags/etl_top_users.py for tasks to queue
[2025-06-22T15:54:40.671+0000] {logging_mixin.py:188} INFO - [2025-06-22T15:54:40.671+0000] {dagbag.py:538} INFO - Filling up the DagBag from /opt/airflow/dags/etl_top_users.py
[2025-06-22T15:54:40.865+0000] {processor.py:840} INFO - DAG(s) 'etl_top_users' retrieved from /opt/airflow/dags/etl_top_users.py
[2025-06-22T15:54:40.884+0000] {logging_mixin.py:188} INFO - [2025-06-22T15:54:40.884+0000] {dag.py:3036} INFO - Sync 1 DAGs
[2025-06-22T15:54:40.895+0000] {logging_mixin.py:188} INFO - [2025-06-22T15:54:40.894+0000] {dag.py:3823} INFO - Setting next_dagrun for etl_top_users to None, run_after=None
[2025-06-22T15:54:40.914+0000] {processor.py:183} INFO - Processing /opt/airflow/dags/etl_top_users.py took 0.248 seconds
[2025-06-22T15:56:40.399+0000] {processor.py:161} INFO - Started process (PID=175) to work on /opt/airflow/dags/etl_top_users.py
[2025-06-22T15:56:40.400+0000] {processor.py:830} INFO - Processing file /opt/airflow/dags/etl_top_users.py for tasks to queue
[2025-06-22T15:56:40.402+0000] {logging_mixin.py:188} INFO - [2025-06-22T15:56:40.402+0000] {dagbag.py:538} INFO - Filling up the DagBag from /opt/airflow/dags/etl_top_users.py
[2025-06-22T15:56:40.913+0000] {processor.py:840} INFO - DAG(s) 'etl_top_users' retrieved from /opt/airflow/dags/etl_top_users.py
[2025-06-22T15:56:40.935+0000] {logging_mixin.py:188} INFO - [2025-06-22T15:56:40.934+0000] {dag.py:3036} INFO - Sync 1 DAGs
[2025-06-22T15:56:40.948+0000] {logging_mixin.py:188} INFO - [2025-06-22T15:56:40.947+0000] {dag.py:3823} INFO - Setting next_dagrun for etl_top_users to None, run_after=None
[2025-06-22T15:56:40.972+0000] {processor.py:183} INFO - Processing /opt/airflow/dags/etl_top_users.py took 0.576 seconds
[2025-06-22T15:57:11.301+0000] {processor.py:161} INFO - Started process (PID=181) to work on /opt/airflow/dags/etl_top_users.py
[2025-06-22T15:57:11.302+0000] {processor.py:830} INFO - Processing file /opt/airflow/dags/etl_top_users.py for tasks to queue
[2025-06-22T15:57:11.303+0000] {logging_mixin.py:188} INFO - [2025-06-22T15:57:11.303+0000] {dagbag.py:538} INFO - Filling up the DagBag from /opt/airflow/dags/etl_top_users.py
[2025-06-22T15:57:11.525+0000] {processor.py:840} INFO - DAG(s) 'etl_top_users' retrieved from /opt/airflow/dags/etl_top_users.py
[2025-06-22T15:57:11.634+0000] {logging_mixin.py:188} INFO - [2025-06-22T15:57:11.634+0000] {dag.py:3036} INFO - Sync 1 DAGs
[2025-06-22T15:57:11.776+0000] {logging_mixin.py:188} INFO - [2025-06-22T15:57:11.776+0000] {dag.py:3823} INFO - Setting next_dagrun for etl_top_users to None, run_after=None
[2025-06-22T15:57:11.797+0000] {processor.py:183} INFO - Processing /opt/airflow/dags/etl_top_users.py took 0.501 seconds
[2025-06-22T15:57:41.941+0000] {processor.py:161} INFO - Started process (PID=187) to work on /opt/airflow/dags/etl_top_users.py
[2025-06-22T15:57:41.943+0000] {processor.py:830} INFO - Processing file /opt/airflow/dags/etl_top_users.py for tasks to queue
[2025-06-22T15:57:41.944+0000] {logging_mixin.py:188} INFO - [2025-06-22T15:57:41.943+0000] {dagbag.py:538} INFO - Filling up the DagBag from /opt/airflow/dags/etl_top_users.py
[2025-06-22T15:57:42.181+0000] {processor.py:840} INFO - DAG(s) 'etl_top_users' retrieved from /opt/airflow/dags/etl_top_users.py
[2025-06-22T15:57:42.200+0000] {logging_mixin.py:188} INFO - [2025-06-22T15:57:42.200+0000] {dag.py:3036} INFO - Sync 1 DAGs
[2025-06-22T15:57:42.213+0000] {logging_mixin.py:188} INFO - [2025-06-22T15:57:42.213+0000] {dag.py:3823} INFO - Setting next_dagrun for etl_top_users to None, run_after=None
[2025-06-22T15:57:42.230+0000] {processor.py:183} INFO - Processing /opt/airflow/dags/etl_top_users.py took 0.298 seconds
[2025-06-22T15:58:12.408+0000] {processor.py:161} INFO - Started process (PID=193) to work on /opt/airflow/dags/etl_top_users.py
[2025-06-22T15:58:12.410+0000] {processor.py:830} INFO - Processing file /opt/airflow/dags/etl_top_users.py for tasks to queue
[2025-06-22T15:58:12.410+0000] {logging_mixin.py:188} INFO - [2025-06-22T15:58:12.410+0000] {dagbag.py:538} INFO - Filling up the DagBag from /opt/airflow/dags/etl_top_users.py
[2025-06-22T15:58:12.647+0000] {processor.py:840} INFO - DAG(s) 'etl_top_users' retrieved from /opt/airflow/dags/etl_top_users.py
[2025-06-22T15:58:12.669+0000] {logging_mixin.py:188} INFO - [2025-06-22T15:58:12.668+0000] {dag.py:3036} INFO - Sync 1 DAGs
[2025-06-22T15:58:12.680+0000] {logging_mixin.py:188} INFO - [2025-06-22T15:58:12.680+0000] {dag.py:3823} INFO - Setting next_dagrun for etl_top_users to None, run_after=None
[2025-06-22T15:58:12.696+0000] {processor.py:183} INFO - Processing /opt/airflow/dags/etl_top_users.py took 0.292 seconds
[2025-06-22T15:58:42.760+0000] {processor.py:161} INFO - Started process (PID=202) to work on /opt/airflow/dags/etl_top_users.py
[2025-06-22T15:58:42.761+0000] {processor.py:830} INFO - Processing file /opt/airflow/dags/etl_top_users.py for tasks to queue
[2025-06-22T15:58:42.762+0000] {logging_mixin.py:188} INFO - [2025-06-22T15:58:42.762+0000] {dagbag.py:538} INFO - Filling up the DagBag from /opt/airflow/dags/etl_top_users.py
[2025-06-22T15:58:43.002+0000] {processor.py:840} INFO - DAG(s) 'etl_top_users' retrieved from /opt/airflow/dags/etl_top_users.py
[2025-06-22T15:58:43.022+0000] {logging_mixin.py:188} INFO - [2025-06-22T15:58:43.022+0000] {dag.py:3036} INFO - Sync 1 DAGs
[2025-06-22T15:58:43.033+0000] {logging_mixin.py:188} INFO - [2025-06-22T15:58:43.033+0000] {dag.py:3823} INFO - Setting next_dagrun for etl_top_users to None, run_after=None
[2025-06-22T15:58:43.050+0000] {processor.py:183} INFO - Processing /opt/airflow/dags/etl_top_users.py took 0.294 seconds
[2025-06-22T15:59:13.235+0000] {processor.py:161} INFO - Started process (PID=208) to work on /opt/airflow/dags/etl_top_users.py
[2025-06-22T15:59:13.236+0000] {processor.py:830} INFO - Processing file /opt/airflow/dags/etl_top_users.py for tasks to queue
[2025-06-22T15:59:13.237+0000] {logging_mixin.py:188} INFO - [2025-06-22T15:59:13.236+0000] {dagbag.py:538} INFO - Filling up the DagBag from /opt/airflow/dags/etl_top_users.py
[2025-06-22T15:59:13.441+0000] {processor.py:840} INFO - DAG(s) 'etl_top_users' retrieved from /opt/airflow/dags/etl_top_users.py
[2025-06-22T15:59:13.459+0000] {logging_mixin.py:188} INFO - [2025-06-22T15:59:13.459+0000] {dag.py:3036} INFO - Sync 1 DAGs
[2025-06-22T15:59:13.468+0000] {logging_mixin.py:188} INFO - [2025-06-22T15:59:13.468+0000] {dag.py:3823} INFO - Setting next_dagrun for etl_top_users to None, run_after=None
[2025-06-22T15:59:13.505+0000] {processor.py:183} INFO - Processing /opt/airflow/dags/etl_top_users.py took 0.273 seconds
[2025-06-22T15:59:43.546+0000] {processor.py:161} INFO - Started process (PID=214) to work on /opt/airflow/dags/etl_top_users.py
[2025-06-22T15:59:43.548+0000] {processor.py:830} INFO - Processing file /opt/airflow/dags/etl_top_users.py for tasks to queue
[2025-06-22T15:59:43.549+0000] {logging_mixin.py:188} INFO - [2025-06-22T15:59:43.549+0000] {dagbag.py:538} INFO - Filling up the DagBag from /opt/airflow/dags/etl_top_users.py
[2025-06-22T15:59:43.755+0000] {processor.py:840} INFO - DAG(s) 'etl_top_users' retrieved from /opt/airflow/dags/etl_top_users.py
[2025-06-22T15:59:43.777+0000] {logging_mixin.py:188} INFO - [2025-06-22T15:59:43.777+0000] {dag.py:3036} INFO - Sync 1 DAGs
[2025-06-22T15:59:43.789+0000] {logging_mixin.py:188} INFO - [2025-06-22T15:59:43.788+0000] {dag.py:3823} INFO - Setting next_dagrun for etl_top_users to None, run_after=None
[2025-06-22T15:59:43.808+0000] {processor.py:183} INFO - Processing /opt/airflow/dags/etl_top_users.py took 0.265 seconds
[2025-06-22T16:00:13.960+0000] {processor.py:161} INFO - Started process (PID=220) to work on /opt/airflow/dags/etl_top_users.py
[2025-06-22T16:00:13.961+0000] {processor.py:830} INFO - Processing file /opt/airflow/dags/etl_top_users.py for tasks to queue
[2025-06-22T16:00:13.962+0000] {logging_mixin.py:188} INFO - [2025-06-22T16:00:13.962+0000] {dagbag.py:538} INFO - Filling up the DagBag from /opt/airflow/dags/etl_top_users.py
[2025-06-22T16:00:14.162+0000] {processor.py:840} INFO - DAG(s) 'etl_top_users' retrieved from /opt/airflow/dags/etl_top_users.py
[2025-06-22T16:00:14.182+0000] {logging_mixin.py:188} INFO - [2025-06-22T16:00:14.181+0000] {dag.py:3036} INFO - Sync 1 DAGs
[2025-06-22T16:00:14.192+0000] {logging_mixin.py:188} INFO - [2025-06-22T16:00:14.192+0000] {dag.py:3823} INFO - Setting next_dagrun for etl_top_users to None, run_after=None
[2025-06-22T16:00:14.209+0000] {processor.py:183} INFO - Processing /opt/airflow/dags/etl_top_users.py took 0.252 seconds
[2025-06-22T16:00:44.459+0000] {processor.py:161} INFO - Started process (PID=226) to work on /opt/airflow/dags/etl_top_users.py
[2025-06-22T16:00:44.461+0000] {processor.py:830} INFO - Processing file /opt/airflow/dags/etl_top_users.py for tasks to queue
[2025-06-22T16:00:44.463+0000] {logging_mixin.py:188} INFO - [2025-06-22T16:00:44.463+0000] {dagbag.py:538} INFO - Filling up the DagBag from /opt/airflow/dags/etl_top_users.py
[2025-06-22T16:00:45.169+0000] {processor.py:840} INFO - DAG(s) 'etl_top_users' retrieved from /opt/airflow/dags/etl_top_users.py
[2025-06-22T16:00:45.239+0000] {logging_mixin.py:188} INFO - [2025-06-22T16:00:45.238+0000] {dag.py:3036} INFO - Sync 1 DAGs
[2025-06-22T16:00:45.267+0000] {logging_mixin.py:188} INFO - [2025-06-22T16:00:45.267+0000] {dag.py:3823} INFO - Setting next_dagrun for etl_top_users to None, run_after=None
[2025-06-22T16:00:45.318+0000] {processor.py:183} INFO - Processing /opt/airflow/dags/etl_top_users.py took 0.865 seconds
[2025-06-22T16:01:15.514+0000] {processor.py:161} INFO - Started process (PID=232) to work on /opt/airflow/dags/etl_top_users.py
[2025-06-22T16:01:15.515+0000] {processor.py:830} INFO - Processing file /opt/airflow/dags/etl_top_users.py for tasks to queue
[2025-06-22T16:01:15.516+0000] {logging_mixin.py:188} INFO - [2025-06-22T16:01:15.516+0000] {dagbag.py:538} INFO - Filling up the DagBag from /opt/airflow/dags/etl_top_users.py
[2025-06-22T16:01:15.735+0000] {processor.py:840} INFO - DAG(s) 'etl_top_users' retrieved from /opt/airflow/dags/etl_top_users.py
[2025-06-22T16:01:15.757+0000] {logging_mixin.py:188} INFO - [2025-06-22T16:01:15.757+0000] {dag.py:3036} INFO - Sync 1 DAGs
[2025-06-22T16:01:15.769+0000] {logging_mixin.py:188} INFO - [2025-06-22T16:01:15.769+0000] {dag.py:3823} INFO - Setting next_dagrun for etl_top_users to None, run_after=None
[2025-06-22T16:01:15.790+0000] {processor.py:183} INFO - Processing /opt/airflow/dags/etl_top_users.py took 0.281 seconds
[2025-06-22T16:01:45.944+0000] {processor.py:161} INFO - Started process (PID=238) to work on /opt/airflow/dags/etl_top_users.py
[2025-06-22T16:01:45.946+0000] {processor.py:830} INFO - Processing file /opt/airflow/dags/etl_top_users.py for tasks to queue
[2025-06-22T16:01:45.947+0000] {logging_mixin.py:188} INFO - [2025-06-22T16:01:45.947+0000] {dagbag.py:538} INFO - Filling up the DagBag from /opt/airflow/dags/etl_top_users.py
[2025-06-22T16:01:46.178+0000] {processor.py:840} INFO - DAG(s) 'etl_top_users' retrieved from /opt/airflow/dags/etl_top_users.py
[2025-06-22T16:01:46.198+0000] {logging_mixin.py:188} INFO - [2025-06-22T16:01:46.198+0000] {dag.py:3036} INFO - Sync 1 DAGs
[2025-06-22T16:01:46.209+0000] {logging_mixin.py:188} INFO - [2025-06-22T16:01:46.209+0000] {dag.py:3823} INFO - Setting next_dagrun for etl_top_users to None, run_after=None
[2025-06-22T16:01:46.230+0000] {processor.py:183} INFO - Processing /opt/airflow/dags/etl_top_users.py took 0.288 seconds
[2025-06-22T16:02:16.294+0000] {processor.py:161} INFO - Started process (PID=244) to work on /opt/airflow/dags/etl_top_users.py
[2025-06-22T16:02:16.295+0000] {processor.py:830} INFO - Processing file /opt/airflow/dags/etl_top_users.py for tasks to queue
[2025-06-22T16:02:16.297+0000] {logging_mixin.py:188} INFO - [2025-06-22T16:02:16.296+0000] {dagbag.py:538} INFO - Filling up the DagBag from /opt/airflow/dags/etl_top_users.py
[2025-06-22T16:02:16.520+0000] {processor.py:840} INFO - DAG(s) 'etl_top_users' retrieved from /opt/airflow/dags/etl_top_users.py
[2025-06-22T16:02:16.539+0000] {logging_mixin.py:188} INFO - [2025-06-22T16:02:16.539+0000] {dag.py:3036} INFO - Sync 1 DAGs
[2025-06-22T16:02:16.549+0000] {logging_mixin.py:188} INFO - [2025-06-22T16:02:16.549+0000] {dag.py:3823} INFO - Setting next_dagrun for etl_top_users to None, run_after=None
[2025-06-22T16:02:16.566+0000] {processor.py:183} INFO - Processing /opt/airflow/dags/etl_top_users.py took 0.276 seconds
[2025-06-22T16:02:46.715+0000] {processor.py:161} INFO - Started process (PID=250) to work on /opt/airflow/dags/etl_top_users.py
[2025-06-22T16:02:46.716+0000] {processor.py:830} INFO - Processing file /opt/airflow/dags/etl_top_users.py for tasks to queue
[2025-06-22T16:02:46.718+0000] {logging_mixin.py:188} INFO - [2025-06-22T16:02:46.717+0000] {dagbag.py:538} INFO - Filling up the DagBag from /opt/airflow/dags/etl_top_users.py
[2025-06-22T16:02:46.925+0000] {processor.py:840} INFO - DAG(s) 'etl_top_users' retrieved from /opt/airflow/dags/etl_top_users.py
[2025-06-22T16:02:46.946+0000] {logging_mixin.py:188} INFO - [2025-06-22T16:02:46.945+0000] {dag.py:3036} INFO - Sync 1 DAGs
[2025-06-22T16:02:46.955+0000] {logging_mixin.py:188} INFO - [2025-06-22T16:02:46.955+0000] {dag.py:3823} INFO - Setting next_dagrun for etl_top_users to None, run_after=None
[2025-06-22T16:02:46.976+0000] {processor.py:183} INFO - Processing /opt/airflow/dags/etl_top_users.py took 0.264 seconds
[2025-06-22T16:03:17.076+0000] {processor.py:161} INFO - Started process (PID=256) to work on /opt/airflow/dags/etl_top_users.py
[2025-06-22T16:03:17.078+0000] {processor.py:830} INFO - Processing file /opt/airflow/dags/etl_top_users.py for tasks to queue
[2025-06-22T16:03:17.079+0000] {logging_mixin.py:188} INFO - [2025-06-22T16:03:17.079+0000] {dagbag.py:538} INFO - Filling up the DagBag from /opt/airflow/dags/etl_top_users.py
[2025-06-22T16:03:17.290+0000] {processor.py:840} INFO - DAG(s) 'etl_top_users' retrieved from /opt/airflow/dags/etl_top_users.py
[2025-06-22T16:03:17.314+0000] {logging_mixin.py:188} INFO - [2025-06-22T16:03:17.313+0000] {dag.py:3036} INFO - Sync 1 DAGs
[2025-06-22T16:03:17.325+0000] {logging_mixin.py:188} INFO - [2025-06-22T16:03:17.325+0000] {dag.py:3823} INFO - Setting next_dagrun for etl_top_users to None, run_after=None
[2025-06-22T16:03:17.344+0000] {processor.py:183} INFO - Processing /opt/airflow/dags/etl_top_users.py took 0.271 seconds
[2025-06-22T16:03:47.505+0000] {processor.py:161} INFO - Started process (PID=262) to work on /opt/airflow/dags/etl_top_users.py
[2025-06-22T16:03:47.506+0000] {processor.py:830} INFO - Processing file /opt/airflow/dags/etl_top_users.py for tasks to queue
[2025-06-22T16:03:47.507+0000] {logging_mixin.py:188} INFO - [2025-06-22T16:03:47.507+0000] {dagbag.py:538} INFO - Filling up the DagBag from /opt/airflow/dags/etl_top_users.py
[2025-06-22T16:03:47.717+0000] {processor.py:840} INFO - DAG(s) 'etl_top_users' retrieved from /opt/airflow/dags/etl_top_users.py
[2025-06-22T16:03:47.740+0000] {logging_mixin.py:188} INFO - [2025-06-22T16:03:47.739+0000] {dag.py:3036} INFO - Sync 1 DAGs
[2025-06-22T16:03:47.751+0000] {logging_mixin.py:188} INFO - [2025-06-22T16:03:47.751+0000] {dag.py:3823} INFO - Setting next_dagrun for etl_top_users to None, run_after=None
[2025-06-22T16:03:47.769+0000] {processor.py:183} INFO - Processing /opt/airflow/dags/etl_top_users.py took 0.267 seconds
[2025-06-22T16:04:17.954+0000] {processor.py:161} INFO - Started process (PID=268) to work on /opt/airflow/dags/etl_top_users.py
[2025-06-22T16:04:17.955+0000] {processor.py:830} INFO - Processing file /opt/airflow/dags/etl_top_users.py for tasks to queue
[2025-06-22T16:04:17.956+0000] {logging_mixin.py:188} INFO - [2025-06-22T16:04:17.956+0000] {dagbag.py:538} INFO - Filling up the DagBag from /opt/airflow/dags/etl_top_users.py
[2025-06-22T16:04:18.157+0000] {processor.py:840} INFO - DAG(s) 'etl_top_users' retrieved from /opt/airflow/dags/etl_top_users.py
[2025-06-22T16:04:18.178+0000] {logging_mixin.py:188} INFO - [2025-06-22T16:04:18.178+0000] {dag.py:3036} INFO - Sync 1 DAGs
[2025-06-22T16:04:18.188+0000] {logging_mixin.py:188} INFO - [2025-06-22T16:04:18.188+0000] {dag.py:3823} INFO - Setting next_dagrun for etl_top_users to None, run_after=None
[2025-06-22T16:04:18.206+0000] {processor.py:183} INFO - Processing /opt/airflow/dags/etl_top_users.py took 0.254 seconds
[2025-06-22T16:04:48.359+0000] {processor.py:161} INFO - Started process (PID=274) to work on /opt/airflow/dags/etl_top_users.py
[2025-06-22T16:04:48.361+0000] {processor.py:830} INFO - Processing file /opt/airflow/dags/etl_top_users.py for tasks to queue
[2025-06-22T16:04:48.362+0000] {logging_mixin.py:188} INFO - [2025-06-22T16:04:48.361+0000] {dagbag.py:538} INFO - Filling up the DagBag from /opt/airflow/dags/etl_top_users.py
[2025-06-22T16:04:48.574+0000] {processor.py:840} INFO - DAG(s) 'etl_top_users' retrieved from /opt/airflow/dags/etl_top_users.py
[2025-06-22T16:04:48.594+0000] {logging_mixin.py:188} INFO - [2025-06-22T16:04:48.593+0000] {dag.py:3036} INFO - Sync 1 DAGs
[2025-06-22T16:04:48.603+0000] {logging_mixin.py:188} INFO - [2025-06-22T16:04:48.603+0000] {dag.py:3823} INFO - Setting next_dagrun for etl_top_users to None, run_after=None
[2025-06-22T16:04:48.622+0000] {processor.py:183} INFO - Processing /opt/airflow/dags/etl_top_users.py took 0.266 seconds
[2025-06-22T16:05:18.778+0000] {processor.py:161} INFO - Started process (PID=280) to work on /opt/airflow/dags/etl_top_users.py
[2025-06-22T16:05:18.779+0000] {processor.py:830} INFO - Processing file /opt/airflow/dags/etl_top_users.py for tasks to queue
[2025-06-22T16:05:18.780+0000] {logging_mixin.py:188} INFO - [2025-06-22T16:05:18.780+0000] {dagbag.py:538} INFO - Filling up the DagBag from /opt/airflow/dags/etl_top_users.py
[2025-06-22T16:05:18.970+0000] {processor.py:840} INFO - DAG(s) 'etl_top_users' retrieved from /opt/airflow/dags/etl_top_users.py
[2025-06-22T16:05:18.991+0000] {logging_mixin.py:188} INFO - [2025-06-22T16:05:18.990+0000] {dag.py:3036} INFO - Sync 1 DAGs
[2025-06-22T16:05:19.000+0000] {logging_mixin.py:188} INFO - [2025-06-22T16:05:19.000+0000] {dag.py:3823} INFO - Setting next_dagrun for etl_top_users to None, run_after=None
[2025-06-22T16:05:19.017+0000] {processor.py:183} INFO - Processing /opt/airflow/dags/etl_top_users.py took 0.242 seconds
[2025-06-22T16:05:49.171+0000] {processor.py:161} INFO - Started process (PID=286) to work on /opt/airflow/dags/etl_top_users.py
[2025-06-22T16:05:49.172+0000] {processor.py:830} INFO - Processing file /opt/airflow/dags/etl_top_users.py for tasks to queue
[2025-06-22T16:05:49.173+0000] {logging_mixin.py:188} INFO - [2025-06-22T16:05:49.173+0000] {dagbag.py:538} INFO - Filling up the DagBag from /opt/airflow/dags/etl_top_users.py
[2025-06-22T16:05:49.380+0000] {processor.py:840} INFO - DAG(s) 'etl_top_users' retrieved from /opt/airflow/dags/etl_top_users.py
[2025-06-22T16:05:49.401+0000] {logging_mixin.py:188} INFO - [2025-06-22T16:05:49.401+0000] {dag.py:3036} INFO - Sync 1 DAGs
[2025-06-22T16:05:49.412+0000] {logging_mixin.py:188} INFO - [2025-06-22T16:05:49.412+0000] {dag.py:3823} INFO - Setting next_dagrun for etl_top_users to None, run_after=None
[2025-06-22T16:05:49.429+0000] {processor.py:183} INFO - Processing /opt/airflow/dags/etl_top_users.py took 0.262 seconds
[2025-06-22T16:06:19.618+0000] {processor.py:161} INFO - Started process (PID=292) to work on /opt/airflow/dags/etl_top_users.py
[2025-06-22T16:06:19.619+0000] {processor.py:830} INFO - Processing file /opt/airflow/dags/etl_top_users.py for tasks to queue
[2025-06-22T16:06:19.620+0000] {logging_mixin.py:188} INFO - [2025-06-22T16:06:19.619+0000] {dagbag.py:538} INFO - Filling up the DagBag from /opt/airflow/dags/etl_top_users.py
[2025-06-22T16:06:19.814+0000] {processor.py:840} INFO - DAG(s) 'etl_top_users' retrieved from /opt/airflow/dags/etl_top_users.py
[2025-06-22T16:06:19.835+0000] {logging_mixin.py:188} INFO - [2025-06-22T16:06:19.834+0000] {dag.py:3036} INFO - Sync 1 DAGs
[2025-06-22T16:06:19.845+0000] {logging_mixin.py:188} INFO - [2025-06-22T16:06:19.845+0000] {dag.py:3823} INFO - Setting next_dagrun for etl_top_users to None, run_after=None
[2025-06-22T16:06:19.861+0000] {processor.py:183} INFO - Processing /opt/airflow/dags/etl_top_users.py took 0.248 seconds
[2025-06-22T16:06:50.013+0000] {processor.py:161} INFO - Started process (PID=298) to work on /opt/airflow/dags/etl_top_users.py
[2025-06-22T16:06:50.014+0000] {processor.py:830} INFO - Processing file /opt/airflow/dags/etl_top_users.py for tasks to queue
[2025-06-22T16:06:50.016+0000] {logging_mixin.py:188} INFO - [2025-06-22T16:06:50.015+0000] {dagbag.py:538} INFO - Filling up the DagBag from /opt/airflow/dags/etl_top_users.py
[2025-06-22T16:06:50.248+0000] {processor.py:840} INFO - DAG(s) 'etl_top_users' retrieved from /opt/airflow/dags/etl_top_users.py
[2025-06-22T16:06:50.274+0000] {logging_mixin.py:188} INFO - [2025-06-22T16:06:50.273+0000] {dag.py:3036} INFO - Sync 1 DAGs
[2025-06-22T16:06:50.289+0000] {logging_mixin.py:188} INFO - [2025-06-22T16:06:50.289+0000] {dag.py:3823} INFO - Setting next_dagrun for etl_top_users to None, run_after=None
[2025-06-22T16:06:50.307+0000] {processor.py:183} INFO - Processing /opt/airflow/dags/etl_top_users.py took 0.297 seconds
[2025-06-22T16:07:20.453+0000] {processor.py:161} INFO - Started process (PID=304) to work on /opt/airflow/dags/etl_top_users.py
[2025-06-22T16:07:20.455+0000] {processor.py:830} INFO - Processing file /opt/airflow/dags/etl_top_users.py for tasks to queue
[2025-06-22T16:07:20.456+0000] {logging_mixin.py:188} INFO - [2025-06-22T16:07:20.456+0000] {dagbag.py:538} INFO - Filling up the DagBag from /opt/airflow/dags/etl_top_users.py
[2025-06-22T16:07:21.050+0000] {processor.py:840} INFO - DAG(s) 'etl_top_users' retrieved from /opt/airflow/dags/etl_top_users.py
[2025-06-22T16:07:21.077+0000] {logging_mixin.py:188} INFO - [2025-06-22T16:07:21.077+0000] {dag.py:3036} INFO - Sync 1 DAGs
[2025-06-22T16:07:21.087+0000] {logging_mixin.py:188} INFO - [2025-06-22T16:07:21.086+0000] {dag.py:3823} INFO - Setting next_dagrun for etl_top_users to None, run_after=None
[2025-06-22T16:07:21.107+0000] {processor.py:183} INFO - Processing /opt/airflow/dags/etl_top_users.py took 0.658 seconds
[2025-06-22T16:07:51.420+0000] {processor.py:161} INFO - Started process (PID=310) to work on /opt/airflow/dags/etl_top_users.py
[2025-06-22T16:07:51.421+0000] {processor.py:830} INFO - Processing file /opt/airflow/dags/etl_top_users.py for tasks to queue
[2025-06-22T16:07:51.422+0000] {logging_mixin.py:188} INFO - [2025-06-22T16:07:51.421+0000] {dagbag.py:538} INFO - Filling up the DagBag from /opt/airflow/dags/etl_top_users.py
[2025-06-22T16:07:51.609+0000] {processor.py:840} INFO - DAG(s) 'etl_top_users' retrieved from /opt/airflow/dags/etl_top_users.py
[2025-06-22T16:07:51.641+0000] {logging_mixin.py:188} INFO - [2025-06-22T16:07:51.640+0000] {dag.py:3036} INFO - Sync 1 DAGs
[2025-06-22T16:07:51.652+0000] {logging_mixin.py:188} INFO - [2025-06-22T16:07:51.652+0000] {dag.py:3823} INFO - Setting next_dagrun for etl_top_users to None, run_after=None
[2025-06-22T16:07:51.676+0000] {processor.py:183} INFO - Processing /opt/airflow/dags/etl_top_users.py took 0.260 seconds
[2025-06-22T16:08:21.933+0000] {processor.py:161} INFO - Started process (PID=316) to work on /opt/airflow/dags/etl_top_users.py
[2025-06-22T16:08:21.934+0000] {processor.py:830} INFO - Processing file /opt/airflow/dags/etl_top_users.py for tasks to queue
[2025-06-22T16:08:21.935+0000] {logging_mixin.py:188} INFO - [2025-06-22T16:08:21.935+0000] {dagbag.py:538} INFO - Filling up the DagBag from /opt/airflow/dags/etl_top_users.py
[2025-06-22T16:08:22.128+0000] {processor.py:840} INFO - DAG(s) 'etl_top_users' retrieved from /opt/airflow/dags/etl_top_users.py
[2025-06-22T16:08:22.156+0000] {logging_mixin.py:188} INFO - [2025-06-22T16:08:22.156+0000] {dag.py:3036} INFO - Sync 1 DAGs
[2025-06-22T16:08:22.174+0000] {logging_mixin.py:188} INFO - [2025-06-22T16:08:22.174+0000] {dag.py:3823} INFO - Setting next_dagrun for etl_top_users to None, run_after=None
[2025-06-22T16:08:22.204+0000] {processor.py:183} INFO - Processing /opt/airflow/dags/etl_top_users.py took 0.273 seconds
[2025-06-22T16:08:52.526+0000] {processor.py:161} INFO - Started process (PID=322) to work on /opt/airflow/dags/etl_top_users.py
[2025-06-22T16:08:52.528+0000] {processor.py:830} INFO - Processing file /opt/airflow/dags/etl_top_users.py for tasks to queue
[2025-06-22T16:08:52.529+0000] {logging_mixin.py:188} INFO - [2025-06-22T16:08:52.529+0000] {dagbag.py:538} INFO - Filling up the DagBag from /opt/airflow/dags/etl_top_users.py
[2025-06-22T16:08:52.742+0000] {processor.py:840} INFO - DAG(s) 'etl_top_users' retrieved from /opt/airflow/dags/etl_top_users.py
[2025-06-22T16:08:52.764+0000] {logging_mixin.py:188} INFO - [2025-06-22T16:08:52.764+0000] {dag.py:3036} INFO - Sync 1 DAGs
[2025-06-22T16:08:52.773+0000] {logging_mixin.py:188} INFO - [2025-06-22T16:08:52.773+0000] {dag.py:3823} INFO - Setting next_dagrun for etl_top_users to None, run_after=None
[2025-06-22T16:08:52.789+0000] {processor.py:183} INFO - Processing /opt/airflow/dags/etl_top_users.py took 0.268 seconds
[2025-06-22T16:09:23.056+0000] {processor.py:161} INFO - Started process (PID=328) to work on /opt/airflow/dags/etl_top_users.py
[2025-06-22T16:09:23.057+0000] {processor.py:830} INFO - Processing file /opt/airflow/dags/etl_top_users.py for tasks to queue
[2025-06-22T16:09:23.058+0000] {logging_mixin.py:188} INFO - [2025-06-22T16:09:23.058+0000] {dagbag.py:538} INFO - Filling up the DagBag from /opt/airflow/dags/etl_top_users.py
[2025-06-22T16:09:23.261+0000] {processor.py:840} INFO - DAG(s) 'etl_top_users' retrieved from /opt/airflow/dags/etl_top_users.py
[2025-06-22T16:09:23.286+0000] {logging_mixin.py:188} INFO - [2025-06-22T16:09:23.286+0000] {dag.py:3036} INFO - Sync 1 DAGs
[2025-06-22T16:09:23.298+0000] {logging_mixin.py:188} INFO - [2025-06-22T16:09:23.297+0000] {dag.py:3823} INFO - Setting next_dagrun for etl_top_users to None, run_after=None
[2025-06-22T16:09:23.317+0000] {processor.py:183} INFO - Processing /opt/airflow/dags/etl_top_users.py took 0.265 seconds
[2025-06-22T16:09:53.521+0000] {processor.py:161} INFO - Started process (PID=334) to work on /opt/airflow/dags/etl_top_users.py
[2025-06-22T16:09:53.522+0000] {processor.py:830} INFO - Processing file /opt/airflow/dags/etl_top_users.py for tasks to queue
[2025-06-22T16:09:53.524+0000] {logging_mixin.py:188} INFO - [2025-06-22T16:09:53.523+0000] {dagbag.py:538} INFO - Filling up the DagBag from /opt/airflow/dags/etl_top_users.py
[2025-06-22T16:09:53.720+0000] {processor.py:840} INFO - DAG(s) 'etl_top_users' retrieved from /opt/airflow/dags/etl_top_users.py
[2025-06-22T16:09:53.748+0000] {logging_mixin.py:188} INFO - [2025-06-22T16:09:53.747+0000] {dag.py:3036} INFO - Sync 1 DAGs
[2025-06-22T16:09:53.760+0000] {logging_mixin.py:188} INFO - [2025-06-22T16:09:53.759+0000] {dag.py:3823} INFO - Setting next_dagrun for etl_top_users to None, run_after=None
[2025-06-22T16:09:53.777+0000] {processor.py:183} INFO - Processing /opt/airflow/dags/etl_top_users.py took 0.259 seconds
[2025-06-22T16:10:24.032+0000] {processor.py:161} INFO - Started process (PID=340) to work on /opt/airflow/dags/etl_top_users.py
[2025-06-22T16:10:24.034+0000] {processor.py:830} INFO - Processing file /opt/airflow/dags/etl_top_users.py for tasks to queue
[2025-06-22T16:10:24.035+0000] {logging_mixin.py:188} INFO - [2025-06-22T16:10:24.034+0000] {dagbag.py:538} INFO - Filling up the DagBag from /opt/airflow/dags/etl_top_users.py
[2025-06-22T16:10:24.227+0000] {processor.py:840} INFO - DAG(s) 'etl_top_users' retrieved from /opt/airflow/dags/etl_top_users.py
[2025-06-22T16:10:24.253+0000] {logging_mixin.py:188} INFO - [2025-06-22T16:10:24.253+0000] {dag.py:3036} INFO - Sync 1 DAGs
[2025-06-22T16:10:24.264+0000] {logging_mixin.py:188} INFO - [2025-06-22T16:10:24.264+0000] {dag.py:3823} INFO - Setting next_dagrun for etl_top_users to None, run_after=None
[2025-06-22T16:10:24.285+0000] {processor.py:183} INFO - Processing /opt/airflow/dags/etl_top_users.py took 0.256 seconds
[2025-06-22T16:10:54.571+0000] {processor.py:161} INFO - Started process (PID=346) to work on /opt/airflow/dags/etl_top_users.py
[2025-06-22T16:10:54.573+0000] {processor.py:830} INFO - Processing file /opt/airflow/dags/etl_top_users.py for tasks to queue
[2025-06-22T16:10:54.574+0000] {logging_mixin.py:188} INFO - [2025-06-22T16:10:54.573+0000] {dagbag.py:538} INFO - Filling up the DagBag from /opt/airflow/dags/etl_top_users.py
[2025-06-22T16:10:54.762+0000] {processor.py:840} INFO - DAG(s) 'etl_top_users' retrieved from /opt/airflow/dags/etl_top_users.py
[2025-06-22T16:10:54.790+0000] {logging_mixin.py:188} INFO - [2025-06-22T16:10:54.790+0000] {dag.py:3036} INFO - Sync 1 DAGs
[2025-06-22T16:10:54.800+0000] {logging_mixin.py:188} INFO - [2025-06-22T16:10:54.800+0000] {dag.py:3823} INFO - Setting next_dagrun for etl_top_users to None, run_after=None
[2025-06-22T16:10:54.815+0000] {processor.py:183} INFO - Processing /opt/airflow/dags/etl_top_users.py took 0.249 seconds
[2025-06-22T16:11:25.094+0000] {processor.py:161} INFO - Started process (PID=352) to work on /opt/airflow/dags/etl_top_users.py
[2025-06-22T16:11:25.095+0000] {processor.py:830} INFO - Processing file /opt/airflow/dags/etl_top_users.py for tasks to queue
[2025-06-22T16:11:25.096+0000] {logging_mixin.py:188} INFO - [2025-06-22T16:11:25.096+0000] {dagbag.py:538} INFO - Filling up the DagBag from /opt/airflow/dags/etl_top_users.py
[2025-06-22T16:11:25.296+0000] {processor.py:840} INFO - DAG(s) 'etl_top_users' retrieved from /opt/airflow/dags/etl_top_users.py
[2025-06-22T16:11:25.320+0000] {logging_mixin.py:188} INFO - [2025-06-22T16:11:25.320+0000] {dag.py:3036} INFO - Sync 1 DAGs
[2025-06-22T16:11:25.331+0000] {logging_mixin.py:188} INFO - [2025-06-22T16:11:25.331+0000] {dag.py:3823} INFO - Setting next_dagrun for etl_top_users to None, run_after=None
[2025-06-22T16:11:25.351+0000] {processor.py:183} INFO - Processing /opt/airflow/dags/etl_top_users.py took 0.260 seconds
[2025-06-22T16:11:55.401+0000] {processor.py:161} INFO - Started process (PID=358) to work on /opt/airflow/dags/etl_top_users.py
[2025-06-22T16:11:55.402+0000] {processor.py:830} INFO - Processing file /opt/airflow/dags/etl_top_users.py for tasks to queue
[2025-06-22T16:11:55.403+0000] {logging_mixin.py:188} INFO - [2025-06-22T16:11:55.403+0000] {dagbag.py:538} INFO - Filling up the DagBag from /opt/airflow/dags/etl_top_users.py
[2025-06-22T16:11:55.608+0000] {processor.py:840} INFO - DAG(s) 'etl_top_users' retrieved from /opt/airflow/dags/etl_top_users.py
[2025-06-22T16:11:55.630+0000] {logging_mixin.py:188} INFO - [2025-06-22T16:11:55.630+0000] {dag.py:3036} INFO - Sync 1 DAGs
[2025-06-22T16:11:55.641+0000] {logging_mixin.py:188} INFO - [2025-06-22T16:11:55.640+0000] {dag.py:3823} INFO - Setting next_dagrun for etl_top_users to None, run_after=None
[2025-06-22T16:11:55.657+0000] {processor.py:183} INFO - Processing /opt/airflow/dags/etl_top_users.py took 0.258 seconds
[2025-06-22T16:12:25.779+0000] {processor.py:161} INFO - Started process (PID=364) to work on /opt/airflow/dags/etl_top_users.py
[2025-06-22T16:12:25.781+0000] {processor.py:830} INFO - Processing file /opt/airflow/dags/etl_top_users.py for tasks to queue
[2025-06-22T16:12:25.782+0000] {logging_mixin.py:188} INFO - [2025-06-22T16:12:25.781+0000] {dagbag.py:538} INFO - Filling up the DagBag from /opt/airflow/dags/etl_top_users.py
[2025-06-22T16:12:25.995+0000] {processor.py:840} INFO - DAG(s) 'etl_top_users' retrieved from /opt/airflow/dags/etl_top_users.py
[2025-06-22T16:12:26.016+0000] {logging_mixin.py:188} INFO - [2025-06-22T16:12:26.016+0000] {dag.py:3036} INFO - Sync 1 DAGs
[2025-06-22T16:12:26.030+0000] {logging_mixin.py:188} INFO - [2025-06-22T16:12:26.029+0000] {dag.py:3823} INFO - Setting next_dagrun for etl_top_users to None, run_after=None
[2025-06-22T16:12:26.046+0000] {processor.py:183} INFO - Processing /opt/airflow/dags/etl_top_users.py took 0.271 seconds
[2025-06-22T16:12:56.101+0000] {processor.py:161} INFO - Started process (PID=370) to work on /opt/airflow/dags/etl_top_users.py
[2025-06-22T16:12:56.102+0000] {processor.py:830} INFO - Processing file /opt/airflow/dags/etl_top_users.py for tasks to queue
[2025-06-22T16:12:56.104+0000] {logging_mixin.py:188} INFO - [2025-06-22T16:12:56.103+0000] {dagbag.py:538} INFO - Filling up the DagBag from /opt/airflow/dags/etl_top_users.py
[2025-06-22T16:12:56.288+0000] {processor.py:840} INFO - DAG(s) 'etl_top_users' retrieved from /opt/airflow/dags/etl_top_users.py
[2025-06-22T16:12:56.310+0000] {logging_mixin.py:188} INFO - [2025-06-22T16:12:56.309+0000] {dag.py:3036} INFO - Sync 1 DAGs
[2025-06-22T16:12:56.321+0000] {logging_mixin.py:188} INFO - [2025-06-22T16:12:56.321+0000] {dag.py:3823} INFO - Setting next_dagrun for etl_top_users to None, run_after=None
[2025-06-22T16:12:56.339+0000] {processor.py:183} INFO - Processing /opt/airflow/dags/etl_top_users.py took 0.242 seconds
[2025-06-22T16:13:26.586+0000] {processor.py:161} INFO - Started process (PID=376) to work on /opt/airflow/dags/etl_top_users.py
[2025-06-22T16:13:26.587+0000] {processor.py:830} INFO - Processing file /opt/airflow/dags/etl_top_users.py for tasks to queue
[2025-06-22T16:13:26.588+0000] {logging_mixin.py:188} INFO - [2025-06-22T16:13:26.588+0000] {dagbag.py:538} INFO - Filling up the DagBag from /opt/airflow/dags/etl_top_users.py
[2025-06-22T16:13:26.789+0000] {processor.py:840} INFO - DAG(s) 'etl_top_users' retrieved from /opt/airflow/dags/etl_top_users.py
[2025-06-22T16:13:26.837+0000] {logging_mixin.py:188} INFO - [2025-06-22T16:13:26.837+0000] {dag.py:3036} INFO - Sync 1 DAGs
[2025-06-22T16:13:26.847+0000] {logging_mixin.py:188} INFO - [2025-06-22T16:13:26.847+0000] {dag.py:3823} INFO - Setting next_dagrun for etl_top_users to None, run_after=None
[2025-06-22T16:13:26.867+0000] {processor.py:183} INFO - Processing /opt/airflow/dags/etl_top_users.py took 0.284 seconds
[2025-06-22T16:13:57.111+0000] {processor.py:161} INFO - Started process (PID=382) to work on /opt/airflow/dags/etl_top_users.py
[2025-06-22T16:13:57.112+0000] {processor.py:830} INFO - Processing file /opt/airflow/dags/etl_top_users.py for tasks to queue
[2025-06-22T16:13:57.113+0000] {logging_mixin.py:188} INFO - [2025-06-22T16:13:57.113+0000] {dagbag.py:538} INFO - Filling up the DagBag from /opt/airflow/dags/etl_top_users.py
[2025-06-22T16:13:57.389+0000] {processor.py:840} INFO - DAG(s) 'etl_top_users' retrieved from /opt/airflow/dags/etl_top_users.py
[2025-06-22T16:13:57.420+0000] {logging_mixin.py:188} INFO - [2025-06-22T16:13:57.419+0000] {dag.py:3036} INFO - Sync 1 DAGs
[2025-06-22T16:13:57.435+0000] {logging_mixin.py:188} INFO - [2025-06-22T16:13:57.435+0000] {dag.py:3823} INFO - Setting next_dagrun for etl_top_users to None, run_after=None
[2025-06-22T16:13:57.457+0000] {processor.py:183} INFO - Processing /opt/airflow/dags/etl_top_users.py took 0.350 seconds
[2025-06-22T16:14:27.744+0000] {processor.py:161} INFO - Started process (PID=388) to work on /opt/airflow/dags/etl_top_users.py
[2025-06-22T16:14:27.745+0000] {processor.py:830} INFO - Processing file /opt/airflow/dags/etl_top_users.py for tasks to queue
[2025-06-22T16:14:27.746+0000] {logging_mixin.py:188} INFO - [2025-06-22T16:14:27.746+0000] {dagbag.py:538} INFO - Filling up the DagBag from /opt/airflow/dags/etl_top_users.py
[2025-06-22T16:14:27.940+0000] {processor.py:840} INFO - DAG(s) 'etl_top_users' retrieved from /opt/airflow/dags/etl_top_users.py
[2025-06-22T16:14:27.990+0000] {logging_mixin.py:188} INFO - [2025-06-22T16:14:27.989+0000] {dag.py:3036} INFO - Sync 1 DAGs
[2025-06-22T16:14:28.002+0000] {logging_mixin.py:188} INFO - [2025-06-22T16:14:28.002+0000] {dag.py:3823} INFO - Setting next_dagrun for etl_top_users to None, run_after=None
[2025-06-22T16:14:28.021+0000] {processor.py:183} INFO - Processing /opt/airflow/dags/etl_top_users.py took 0.281 seconds
[2025-06-22T16:14:58.278+0000] {processor.py:161} INFO - Started process (PID=394) to work on /opt/airflow/dags/etl_top_users.py
[2025-06-22T16:14:58.280+0000] {processor.py:830} INFO - Processing file /opt/airflow/dags/etl_top_users.py for tasks to queue
[2025-06-22T16:14:58.281+0000] {logging_mixin.py:188} INFO - [2025-06-22T16:14:58.281+0000] {dagbag.py:538} INFO - Filling up the DagBag from /opt/airflow/dags/etl_top_users.py
[2025-06-22T16:14:58.475+0000] {processor.py:840} INFO - DAG(s) 'etl_top_users' retrieved from /opt/airflow/dags/etl_top_users.py
[2025-06-22T16:14:58.499+0000] {logging_mixin.py:188} INFO - [2025-06-22T16:14:58.499+0000] {dag.py:3036} INFO - Sync 1 DAGs
[2025-06-22T16:14:58.509+0000] {logging_mixin.py:188} INFO - [2025-06-22T16:14:58.509+0000] {dag.py:3823} INFO - Setting next_dagrun for etl_top_users to None, run_after=None
[2025-06-22T16:14:58.530+0000] {processor.py:183} INFO - Processing /opt/airflow/dags/etl_top_users.py took 0.256 seconds
[2025-06-22T16:15:28.910+0000] {processor.py:161} INFO - Started process (PID=400) to work on /opt/airflow/dags/etl_top_users.py
[2025-06-22T16:15:28.911+0000] {processor.py:830} INFO - Processing file /opt/airflow/dags/etl_top_users.py for tasks to queue
[2025-06-22T16:15:28.912+0000] {logging_mixin.py:188} INFO - [2025-06-22T16:15:28.912+0000] {dagbag.py:538} INFO - Filling up the DagBag from /opt/airflow/dags/etl_top_users.py
[2025-06-22T16:15:29.102+0000] {processor.py:840} INFO - DAG(s) 'etl_top_users' retrieved from /opt/airflow/dags/etl_top_users.py
[2025-06-22T16:15:29.124+0000] {logging_mixin.py:188} INFO - [2025-06-22T16:15:29.124+0000] {dag.py:3036} INFO - Sync 1 DAGs
[2025-06-22T16:15:29.134+0000] {logging_mixin.py:188} INFO - [2025-06-22T16:15:29.134+0000] {dag.py:3823} INFO - Setting next_dagrun for etl_top_users to None, run_after=None
[2025-06-22T16:15:29.151+0000] {processor.py:183} INFO - Processing /opt/airflow/dags/etl_top_users.py took 0.245 seconds
[2025-06-22T16:15:59.457+0000] {processor.py:161} INFO - Started process (PID=406) to work on /opt/airflow/dags/etl_top_users.py
[2025-06-22T16:15:59.458+0000] {processor.py:830} INFO - Processing file /opt/airflow/dags/etl_top_users.py for tasks to queue
[2025-06-22T16:15:59.459+0000] {logging_mixin.py:188} INFO - [2025-06-22T16:15:59.458+0000] {dagbag.py:538} INFO - Filling up the DagBag from /opt/airflow/dags/etl_top_users.py
[2025-06-22T16:15:59.643+0000] {processor.py:840} INFO - DAG(s) 'etl_top_users' retrieved from /opt/airflow/dags/etl_top_users.py
[2025-06-22T16:15:59.666+0000] {logging_mixin.py:188} INFO - [2025-06-22T16:15:59.665+0000] {dag.py:3036} INFO - Sync 1 DAGs
[2025-06-22T16:15:59.680+0000] {logging_mixin.py:188} INFO - [2025-06-22T16:15:59.680+0000] {dag.py:3823} INFO - Setting next_dagrun for etl_top_users to None, run_after=None
[2025-06-22T16:15:59.704+0000] {processor.py:183} INFO - Processing /opt/airflow/dags/etl_top_users.py took 0.250 seconds
[2025-06-22T16:16:29.761+0000] {processor.py:161} INFO - Started process (PID=412) to work on /opt/airflow/dags/etl_top_users.py
[2025-06-22T16:16:29.763+0000] {processor.py:830} INFO - Processing file /opt/airflow/dags/etl_top_users.py for tasks to queue
[2025-06-22T16:16:29.764+0000] {logging_mixin.py:188} INFO - [2025-06-22T16:16:29.763+0000] {dagbag.py:538} INFO - Filling up the DagBag from /opt/airflow/dags/etl_top_users.py
[2025-06-22T16:16:29.968+0000] {processor.py:840} INFO - DAG(s) 'etl_top_users' retrieved from /opt/airflow/dags/etl_top_users.py
[2025-06-22T16:16:29.993+0000] {logging_mixin.py:188} INFO - [2025-06-22T16:16:29.993+0000] {dag.py:3036} INFO - Sync 1 DAGs
[2025-06-22T16:16:30.003+0000] {logging_mixin.py:188} INFO - [2025-06-22T16:16:30.003+0000] {dag.py:3823} INFO - Setting next_dagrun for etl_top_users to None, run_after=None
[2025-06-22T16:16:30.019+0000] {processor.py:183} INFO - Processing /opt/airflow/dags/etl_top_users.py took 0.261 seconds
[2025-06-22T16:17:00.324+0000] {processor.py:161} INFO - Started process (PID=418) to work on /opt/airflow/dags/etl_top_users.py
[2025-06-22T16:17:00.325+0000] {processor.py:830} INFO - Processing file /opt/airflow/dags/etl_top_users.py for tasks to queue
[2025-06-22T16:17:00.325+0000] {logging_mixin.py:188} INFO - [2025-06-22T16:17:00.325+0000] {dagbag.py:538} INFO - Filling up the DagBag from /opt/airflow/dags/etl_top_users.py
[2025-06-22T16:17:00.511+0000] {processor.py:840} INFO - DAG(s) 'etl_top_users' retrieved from /opt/airflow/dags/etl_top_users.py
[2025-06-22T16:17:00.532+0000] {logging_mixin.py:188} INFO - [2025-06-22T16:17:00.532+0000] {dag.py:3036} INFO - Sync 1 DAGs
[2025-06-22T16:17:00.542+0000] {logging_mixin.py:188} INFO - [2025-06-22T16:17:00.542+0000] {dag.py:3823} INFO - Setting next_dagrun for etl_top_users to None, run_after=None
[2025-06-22T16:17:00.557+0000] {processor.py:183} INFO - Processing /opt/airflow/dags/etl_top_users.py took 0.235 seconds
[2025-06-22T16:17:30.617+0000] {processor.py:161} INFO - Started process (PID=424) to work on /opt/airflow/dags/etl_top_users.py
[2025-06-22T16:17:30.618+0000] {processor.py:830} INFO - Processing file /opt/airflow/dags/etl_top_users.py for tasks to queue
[2025-06-22T16:17:30.619+0000] {logging_mixin.py:188} INFO - [2025-06-22T16:17:30.619+0000] {dagbag.py:538} INFO - Filling up the DagBag from /opt/airflow/dags/etl_top_users.py
[2025-06-22T16:17:30.810+0000] {processor.py:840} INFO - DAG(s) 'etl_top_users' retrieved from /opt/airflow/dags/etl_top_users.py
[2025-06-22T16:17:30.832+0000] {logging_mixin.py:188} INFO - [2025-06-22T16:17:30.832+0000] {dag.py:3036} INFO - Sync 1 DAGs
[2025-06-22T16:17:30.843+0000] {logging_mixin.py:188} INFO - [2025-06-22T16:17:30.843+0000] {dag.py:3823} INFO - Setting next_dagrun for etl_top_users to None, run_after=None
[2025-06-22T16:17:30.861+0000] {processor.py:183} INFO - Processing /opt/airflow/dags/etl_top_users.py took 0.247 seconds
[2025-06-22T16:18:01.211+0000] {processor.py:161} INFO - Started process (PID=430) to work on /opt/airflow/dags/etl_top_users.py
[2025-06-22T16:18:01.213+0000] {processor.py:830} INFO - Processing file /opt/airflow/dags/etl_top_users.py for tasks to queue
[2025-06-22T16:18:01.215+0000] {logging_mixin.py:188} INFO - [2025-06-22T16:18:01.214+0000] {dagbag.py:538} INFO - Filling up the DagBag from /opt/airflow/dags/etl_top_users.py
[2025-06-22T16:18:01.412+0000] {processor.py:840} INFO - DAG(s) 'etl_top_users' retrieved from /opt/airflow/dags/etl_top_users.py
[2025-06-22T16:18:01.431+0000] {logging_mixin.py:188} INFO - [2025-06-22T16:18:01.431+0000] {dag.py:3036} INFO - Sync 1 DAGs
[2025-06-22T16:18:01.441+0000] {logging_mixin.py:188} INFO - [2025-06-22T16:18:01.441+0000] {dag.py:3823} INFO - Setting next_dagrun for etl_top_users to None, run_after=None
[2025-06-22T16:18:01.481+0000] {processor.py:183} INFO - Processing /opt/airflow/dags/etl_top_users.py took 0.276 seconds
[2025-06-22T16:18:31.769+0000] {processor.py:161} INFO - Started process (PID=436) to work on /opt/airflow/dags/etl_top_users.py
[2025-06-22T16:18:31.770+0000] {processor.py:830} INFO - Processing file /opt/airflow/dags/etl_top_users.py for tasks to queue
[2025-06-22T16:18:31.771+0000] {logging_mixin.py:188} INFO - [2025-06-22T16:18:31.771+0000] {dagbag.py:538} INFO - Filling up the DagBag from /opt/airflow/dags/etl_top_users.py
[2025-06-22T16:18:31.959+0000] {processor.py:840} INFO - DAG(s) 'etl_top_users' retrieved from /opt/airflow/dags/etl_top_users.py
[2025-06-22T16:18:31.979+0000] {logging_mixin.py:188} INFO - [2025-06-22T16:18:31.979+0000] {dag.py:3036} INFO - Sync 1 DAGs
[2025-06-22T16:18:31.989+0000] {logging_mixin.py:188} INFO - [2025-06-22T16:18:31.989+0000] {dag.py:3823} INFO - Setting next_dagrun for etl_top_users to None, run_after=None
[2025-06-22T16:18:32.005+0000] {processor.py:183} INFO - Processing /opt/airflow/dags/etl_top_users.py took 0.239 seconds
[2025-06-22T16:19:02.091+0000] {processor.py:161} INFO - Started process (PID=442) to work on /opt/airflow/dags/etl_top_users.py
[2025-06-22T16:19:02.093+0000] {processor.py:830} INFO - Processing file /opt/airflow/dags/etl_top_users.py for tasks to queue
[2025-06-22T16:19:02.094+0000] {logging_mixin.py:188} INFO - [2025-06-22T16:19:02.094+0000] {dagbag.py:538} INFO - Filling up the DagBag from /opt/airflow/dags/etl_top_users.py
[2025-06-22T16:19:02.294+0000] {processor.py:840} INFO - DAG(s) 'etl_top_users' retrieved from /opt/airflow/dags/etl_top_users.py
[2025-06-22T16:19:02.320+0000] {logging_mixin.py:188} INFO - [2025-06-22T16:19:02.320+0000] {dag.py:3036} INFO - Sync 1 DAGs
[2025-06-22T16:19:02.332+0000] {logging_mixin.py:188} INFO - [2025-06-22T16:19:02.332+0000] {dag.py:3823} INFO - Setting next_dagrun for etl_top_users to None, run_after=None
[2025-06-22T16:19:02.349+0000] {processor.py:183} INFO - Processing /opt/airflow/dags/etl_top_users.py took 0.262 seconds
[2025-06-22T16:19:32.675+0000] {processor.py:161} INFO - Started process (PID=448) to work on /opt/airflow/dags/etl_top_users.py
[2025-06-22T16:19:32.676+0000] {processor.py:830} INFO - Processing file /opt/airflow/dags/etl_top_users.py for tasks to queue
[2025-06-22T16:19:32.677+0000] {logging_mixin.py:188} INFO - [2025-06-22T16:19:32.677+0000] {dagbag.py:538} INFO - Filling up the DagBag from /opt/airflow/dags/etl_top_users.py
[2025-06-22T16:19:32.867+0000] {processor.py:840} INFO - DAG(s) 'etl_top_users' retrieved from /opt/airflow/dags/etl_top_users.py
[2025-06-22T16:19:32.892+0000] {logging_mixin.py:188} INFO - [2025-06-22T16:19:32.892+0000] {dag.py:3036} INFO - Sync 1 DAGs
[2025-06-22T16:19:32.905+0000] {logging_mixin.py:188} INFO - [2025-06-22T16:19:32.905+0000] {dag.py:3823} INFO - Setting next_dagrun for etl_top_users to None, run_after=None
[2025-06-22T16:19:32.921+0000] {processor.py:183} INFO - Processing /opt/airflow/dags/etl_top_users.py took 0.249 seconds
[2025-06-22T16:20:02.982+0000] {processor.py:161} INFO - Started process (PID=454) to work on /opt/airflow/dags/etl_top_users.py
[2025-06-22T16:20:02.983+0000] {processor.py:830} INFO - Processing file /opt/airflow/dags/etl_top_users.py for tasks to queue
[2025-06-22T16:20:02.984+0000] {logging_mixin.py:188} INFO - [2025-06-22T16:20:02.984+0000] {dagbag.py:538} INFO - Filling up the DagBag from /opt/airflow/dags/etl_top_users.py
[2025-06-22T16:20:03.170+0000] {processor.py:840} INFO - DAG(s) 'etl_top_users' retrieved from /opt/airflow/dags/etl_top_users.py
[2025-06-22T16:20:03.192+0000] {logging_mixin.py:188} INFO - [2025-06-22T16:20:03.192+0000] {dag.py:3036} INFO - Sync 1 DAGs
[2025-06-22T16:20:03.223+0000] {logging_mixin.py:188} INFO - [2025-06-22T16:20:03.223+0000] {dag.py:3823} INFO - Setting next_dagrun for etl_top_users to None, run_after=None
[2025-06-22T16:20:03.239+0000] {processor.py:183} INFO - Processing /opt/airflow/dags/etl_top_users.py took 0.260 seconds
[2025-06-22T16:20:33.503+0000] {processor.py:161} INFO - Started process (PID=460) to work on /opt/airflow/dags/etl_top_users.py
[2025-06-22T16:20:33.504+0000] {processor.py:830} INFO - Processing file /opt/airflow/dags/etl_top_users.py for tasks to queue
[2025-06-22T16:20:33.505+0000] {logging_mixin.py:188} INFO - [2025-06-22T16:20:33.505+0000] {dagbag.py:538} INFO - Filling up the DagBag from /opt/airflow/dags/etl_top_users.py
[2025-06-22T16:20:33.724+0000] {processor.py:840} INFO - DAG(s) 'etl_top_users' retrieved from /opt/airflow/dags/etl_top_users.py
[2025-06-22T16:20:33.748+0000] {logging_mixin.py:188} INFO - [2025-06-22T16:20:33.748+0000] {dag.py:3036} INFO - Sync 1 DAGs
[2025-06-22T16:20:33.767+0000] {logging_mixin.py:188} INFO - [2025-06-22T16:20:33.766+0000] {dag.py:3823} INFO - Setting next_dagrun for etl_top_users to None, run_after=None
[2025-06-22T16:20:33.853+0000] {processor.py:183} INFO - Processing /opt/airflow/dags/etl_top_users.py took 0.353 seconds
[2025-06-22T16:21:04.140+0000] {processor.py:161} INFO - Started process (PID=466) to work on /opt/airflow/dags/etl_top_users.py
[2025-06-22T16:21:04.144+0000] {processor.py:830} INFO - Processing file /opt/airflow/dags/etl_top_users.py for tasks to queue
[2025-06-22T16:21:04.145+0000] {logging_mixin.py:188} INFO - [2025-06-22T16:21:04.144+0000] {dagbag.py:538} INFO - Filling up the DagBag from /opt/airflow/dags/etl_top_users.py
[2025-06-22T16:21:04.346+0000] {processor.py:840} INFO - DAG(s) 'etl_top_users' retrieved from /opt/airflow/dags/etl_top_users.py
[2025-06-22T16:21:04.371+0000] {logging_mixin.py:188} INFO - [2025-06-22T16:21:04.370+0000] {dag.py:3036} INFO - Sync 1 DAGs
[2025-06-22T16:21:04.382+0000] {logging_mixin.py:188} INFO - [2025-06-22T16:21:04.382+0000] {dag.py:3823} INFO - Setting next_dagrun for etl_top_users to None, run_after=None
[2025-06-22T16:21:04.403+0000] {processor.py:183} INFO - Processing /opt/airflow/dags/etl_top_users.py took 0.265 seconds
[2025-06-22T16:21:34.710+0000] {processor.py:161} INFO - Started process (PID=472) to work on /opt/airflow/dags/etl_top_users.py
[2025-06-22T16:21:34.712+0000] {processor.py:830} INFO - Processing file /opt/airflow/dags/etl_top_users.py for tasks to queue
[2025-06-22T16:21:34.713+0000] {logging_mixin.py:188} INFO - [2025-06-22T16:21:34.713+0000] {dagbag.py:538} INFO - Filling up the DagBag from /opt/airflow/dags/etl_top_users.py
[2025-06-22T16:21:34.906+0000] {processor.py:840} INFO - DAG(s) 'etl_top_users' retrieved from /opt/airflow/dags/etl_top_users.py
[2025-06-22T16:21:34.932+0000] {logging_mixin.py:188} INFO - [2025-06-22T16:21:34.932+0000] {dag.py:3036} INFO - Sync 1 DAGs
[2025-06-22T16:21:34.945+0000] {logging_mixin.py:188} INFO - [2025-06-22T16:21:34.945+0000] {dag.py:3823} INFO - Setting next_dagrun for etl_top_users to None, run_after=None
[2025-06-22T16:21:34.977+0000] {processor.py:183} INFO - Processing /opt/airflow/dags/etl_top_users.py took 0.269 seconds
[2025-06-22T16:22:05.033+0000] {processor.py:161} INFO - Started process (PID=478) to work on /opt/airflow/dags/etl_top_users.py
[2025-06-22T16:22:05.035+0000] {processor.py:830} INFO - Processing file /opt/airflow/dags/etl_top_users.py for tasks to queue
[2025-06-22T16:22:05.036+0000] {logging_mixin.py:188} INFO - [2025-06-22T16:22:05.035+0000] {dagbag.py:538} INFO - Filling up the DagBag from /opt/airflow/dags/etl_top_users.py
[2025-06-22T16:22:05.238+0000] {processor.py:840} INFO - DAG(s) 'etl_top_users' retrieved from /opt/airflow/dags/etl_top_users.py
[2025-06-22T16:22:05.264+0000] {logging_mixin.py:188} INFO - [2025-06-22T16:22:05.264+0000] {dag.py:3036} INFO - Sync 1 DAGs
[2025-06-22T16:22:05.291+0000] {logging_mixin.py:188} INFO - [2025-06-22T16:22:05.291+0000] {dag.py:3823} INFO - Setting next_dagrun for etl_top_users to None, run_after=None
[2025-06-22T16:22:05.347+0000] {processor.py:183} INFO - Processing /opt/airflow/dags/etl_top_users.py took 0.316 seconds
[2025-06-22T16:22:35.597+0000] {processor.py:161} INFO - Started process (PID=484) to work on /opt/airflow/dags/etl_top_users.py
[2025-06-22T16:22:35.598+0000] {processor.py:830} INFO - Processing file /opt/airflow/dags/etl_top_users.py for tasks to queue
[2025-06-22T16:22:35.599+0000] {logging_mixin.py:188} INFO - [2025-06-22T16:22:35.598+0000] {dagbag.py:538} INFO - Filling up the DagBag from /opt/airflow/dags/etl_top_users.py
[2025-06-22T16:22:35.796+0000] {processor.py:840} INFO - DAG(s) 'etl_top_users' retrieved from /opt/airflow/dags/etl_top_users.py
[2025-06-22T16:22:35.820+0000] {logging_mixin.py:188} INFO - [2025-06-22T16:22:35.820+0000] {dag.py:3036} INFO - Sync 1 DAGs
[2025-06-22T16:22:35.831+0000] {logging_mixin.py:188} INFO - [2025-06-22T16:22:35.831+0000] {dag.py:3823} INFO - Setting next_dagrun for etl_top_users to None, run_after=None
[2025-06-22T16:22:35.848+0000] {processor.py:183} INFO - Processing /opt/airflow/dags/etl_top_users.py took 0.254 seconds
[2025-06-22T16:23:05.918+0000] {processor.py:161} INFO - Started process (PID=490) to work on /opt/airflow/dags/etl_top_users.py
[2025-06-22T16:23:05.920+0000] {processor.py:830} INFO - Processing file /opt/airflow/dags/etl_top_users.py for tasks to queue
[2025-06-22T16:23:05.921+0000] {logging_mixin.py:188} INFO - [2025-06-22T16:23:05.921+0000] {dagbag.py:538} INFO - Filling up the DagBag from /opt/airflow/dags/etl_top_users.py
[2025-06-22T16:23:06.110+0000] {processor.py:840} INFO - DAG(s) 'etl_top_users' retrieved from /opt/airflow/dags/etl_top_users.py
[2025-06-22T16:23:06.131+0000] {logging_mixin.py:188} INFO - [2025-06-22T16:23:06.130+0000] {dag.py:3036} INFO - Sync 1 DAGs
[2025-06-22T16:23:06.140+0000] {logging_mixin.py:188} INFO - [2025-06-22T16:23:06.140+0000] {dag.py:3823} INFO - Setting next_dagrun for etl_top_users to None, run_after=None
[2025-06-22T16:23:06.157+0000] {processor.py:183} INFO - Processing /opt/airflow/dags/etl_top_users.py took 0.243 seconds
[2025-06-22T16:23:36.205+0000] {processor.py:161} INFO - Started process (PID=496) to work on /opt/airflow/dags/etl_top_users.py
[2025-06-22T16:23:36.206+0000] {processor.py:830} INFO - Processing file /opt/airflow/dags/etl_top_users.py for tasks to queue
[2025-06-22T16:23:36.207+0000] {logging_mixin.py:188} INFO - [2025-06-22T16:23:36.207+0000] {dagbag.py:538} INFO - Filling up the DagBag from /opt/airflow/dags/etl_top_users.py
[2025-06-22T16:23:36.402+0000] {processor.py:840} INFO - DAG(s) 'etl_top_users' retrieved from /opt/airflow/dags/etl_top_users.py
[2025-06-22T16:23:36.421+0000] {logging_mixin.py:188} INFO - [2025-06-22T16:23:36.421+0000] {dag.py:3036} INFO - Sync 1 DAGs
[2025-06-22T16:23:36.431+0000] {logging_mixin.py:188} INFO - [2025-06-22T16:23:36.430+0000] {dag.py:3823} INFO - Setting next_dagrun for etl_top_users to None, run_after=None
[2025-06-22T16:23:36.448+0000] {processor.py:183} INFO - Processing /opt/airflow/dags/etl_top_users.py took 0.247 seconds
[2025-06-22T16:24:06.706+0000] {processor.py:161} INFO - Started process (PID=502) to work on /opt/airflow/dags/etl_top_users.py
[2025-06-22T16:24:06.707+0000] {processor.py:830} INFO - Processing file /opt/airflow/dags/etl_top_users.py for tasks to queue
[2025-06-22T16:24:06.708+0000] {logging_mixin.py:188} INFO - [2025-06-22T16:24:06.708+0000] {dagbag.py:538} INFO - Filling up the DagBag from /opt/airflow/dags/etl_top_users.py
[2025-06-22T16:24:06.921+0000] {processor.py:840} INFO - DAG(s) 'etl_top_users' retrieved from /opt/airflow/dags/etl_top_users.py
[2025-06-22T16:24:06.941+0000] {logging_mixin.py:188} INFO - [2025-06-22T16:24:06.941+0000] {dag.py:3036} INFO - Sync 1 DAGs
[2025-06-22T16:24:06.951+0000] {logging_mixin.py:188} INFO - [2025-06-22T16:24:06.951+0000] {dag.py:3823} INFO - Setting next_dagrun for etl_top_users to None, run_after=None
[2025-06-22T16:24:06.969+0000] {processor.py:183} INFO - Processing /opt/airflow/dags/etl_top_users.py took 0.266 seconds
[2025-06-22T16:24:37.013+0000] {processor.py:161} INFO - Started process (PID=508) to work on /opt/airflow/dags/etl_top_users.py
[2025-06-22T16:24:37.014+0000] {processor.py:830} INFO - Processing file /opt/airflow/dags/etl_top_users.py for tasks to queue
[2025-06-22T16:24:37.014+0000] {logging_mixin.py:188} INFO - [2025-06-22T16:24:37.014+0000] {dagbag.py:538} INFO - Filling up the DagBag from /opt/airflow/dags/etl_top_users.py
[2025-06-22T16:24:37.197+0000] {processor.py:840} INFO - DAG(s) 'etl_top_users' retrieved from /opt/airflow/dags/etl_top_users.py
[2025-06-22T16:24:37.220+0000] {logging_mixin.py:188} INFO - [2025-06-22T16:24:37.220+0000] {dag.py:3036} INFO - Sync 1 DAGs
[2025-06-22T16:24:37.231+0000] {logging_mixin.py:188} INFO - [2025-06-22T16:24:37.231+0000] {dag.py:3823} INFO - Setting next_dagrun for etl_top_users to None, run_after=None
[2025-06-22T16:24:37.248+0000] {processor.py:183} INFO - Processing /opt/airflow/dags/etl_top_users.py took 0.238 seconds
[2025-06-22T16:25:07.569+0000] {processor.py:161} INFO - Started process (PID=514) to work on /opt/airflow/dags/etl_top_users.py
[2025-06-22T16:25:07.570+0000] {processor.py:830} INFO - Processing file /opt/airflow/dags/etl_top_users.py for tasks to queue
[2025-06-22T16:25:07.571+0000] {logging_mixin.py:188} INFO - [2025-06-22T16:25:07.571+0000] {dagbag.py:538} INFO - Filling up the DagBag from /opt/airflow/dags/etl_top_users.py
[2025-06-22T16:25:07.774+0000] {processor.py:840} INFO - DAG(s) 'etl_top_users' retrieved from /opt/airflow/dags/etl_top_users.py
[2025-06-22T16:25:07.797+0000] {logging_mixin.py:188} INFO - [2025-06-22T16:25:07.797+0000] {dag.py:3036} INFO - Sync 1 DAGs
[2025-06-22T16:25:07.808+0000] {logging_mixin.py:188} INFO - [2025-06-22T16:25:07.808+0000] {dag.py:3823} INFO - Setting next_dagrun for etl_top_users to None, run_after=None
[2025-06-22T16:25:07.826+0000] {processor.py:183} INFO - Processing /opt/airflow/dags/etl_top_users.py took 0.261 seconds
[2025-06-22T16:25:38.125+0000] {processor.py:161} INFO - Started process (PID=520) to work on /opt/airflow/dags/etl_top_users.py
[2025-06-22T16:25:38.127+0000] {processor.py:830} INFO - Processing file /opt/airflow/dags/etl_top_users.py for tasks to queue
[2025-06-22T16:25:38.128+0000] {logging_mixin.py:188} INFO - [2025-06-22T16:25:38.127+0000] {dagbag.py:538} INFO - Filling up the DagBag from /opt/airflow/dags/etl_top_users.py
[2025-06-22T16:25:38.342+0000] {processor.py:840} INFO - DAG(s) 'etl_top_users' retrieved from /opt/airflow/dags/etl_top_users.py
[2025-06-22T16:25:38.365+0000] {logging_mixin.py:188} INFO - [2025-06-22T16:25:38.364+0000] {dag.py:3036} INFO - Sync 1 DAGs
[2025-06-22T16:25:38.375+0000] {logging_mixin.py:188} INFO - [2025-06-22T16:25:38.375+0000] {dag.py:3823} INFO - Setting next_dagrun for etl_top_users to None, run_after=None
[2025-06-22T16:25:38.391+0000] {processor.py:183} INFO - Processing /opt/airflow/dags/etl_top_users.py took 0.270 seconds
[2025-06-22T16:26:08.659+0000] {processor.py:161} INFO - Started process (PID=526) to work on /opt/airflow/dags/etl_top_users.py
[2025-06-22T16:26:08.660+0000] {processor.py:830} INFO - Processing file /opt/airflow/dags/etl_top_users.py for tasks to queue
[2025-06-22T16:26:08.661+0000] {logging_mixin.py:188} INFO - [2025-06-22T16:26:08.661+0000] {dagbag.py:538} INFO - Filling up the DagBag from /opt/airflow/dags/etl_top_users.py
[2025-06-22T16:26:08.850+0000] {processor.py:840} INFO - DAG(s) 'etl_top_users' retrieved from /opt/airflow/dags/etl_top_users.py
[2025-06-22T16:26:08.871+0000] {logging_mixin.py:188} INFO - [2025-06-22T16:26:08.871+0000] {dag.py:3036} INFO - Sync 1 DAGs
[2025-06-22T16:26:08.881+0000] {logging_mixin.py:188} INFO - [2025-06-22T16:26:08.881+0000] {dag.py:3823} INFO - Setting next_dagrun for etl_top_users to None, run_after=None
[2025-06-22T16:26:08.898+0000] {processor.py:183} INFO - Processing /opt/airflow/dags/etl_top_users.py took 0.243 seconds
[2025-06-22T16:26:39.220+0000] {processor.py:161} INFO - Started process (PID=532) to work on /opt/airflow/dags/etl_top_users.py
[2025-06-22T16:26:39.221+0000] {processor.py:830} INFO - Processing file /opt/airflow/dags/etl_top_users.py for tasks to queue
[2025-06-22T16:26:39.222+0000] {logging_mixin.py:188} INFO - [2025-06-22T16:26:39.222+0000] {dagbag.py:538} INFO - Filling up the DagBag from /opt/airflow/dags/etl_top_users.py
[2025-06-22T16:26:39.430+0000] {processor.py:840} INFO - DAG(s) 'etl_top_users' retrieved from /opt/airflow/dags/etl_top_users.py
[2025-06-22T16:26:39.452+0000] {logging_mixin.py:188} INFO - [2025-06-22T16:26:39.451+0000] {dag.py:3036} INFO - Sync 1 DAGs
[2025-06-22T16:26:39.461+0000] {logging_mixin.py:188} INFO - [2025-06-22T16:26:39.461+0000] {dag.py:3823} INFO - Setting next_dagrun for etl_top_users to None, run_after=None
[2025-06-22T16:26:39.483+0000] {processor.py:183} INFO - Processing /opt/airflow/dags/etl_top_users.py took 0.267 seconds
[2025-06-22T16:27:09.604+0000] {processor.py:161} INFO - Started process (PID=538) to work on /opt/airflow/dags/etl_top_users.py
[2025-06-22T16:27:09.606+0000] {processor.py:830} INFO - Processing file /opt/airflow/dags/etl_top_users.py for tasks to queue
[2025-06-22T16:27:09.607+0000] {logging_mixin.py:188} INFO - [2025-06-22T16:27:09.607+0000] {dagbag.py:538} INFO - Filling up the DagBag from /opt/airflow/dags/etl_top_users.py
[2025-06-22T16:27:09.835+0000] {processor.py:840} INFO - DAG(s) 'etl_top_users' retrieved from /opt/airflow/dags/etl_top_users.py
[2025-06-22T16:27:09.860+0000] {logging_mixin.py:188} INFO - [2025-06-22T16:27:09.860+0000] {dag.py:3036} INFO - Sync 1 DAGs
[2025-06-22T16:27:09.873+0000] {logging_mixin.py:188} INFO - [2025-06-22T16:27:09.873+0000] {dag.py:3823} INFO - Setting next_dagrun for etl_top_users to None, run_after=None
[2025-06-22T16:27:09.906+0000] {processor.py:183} INFO - Processing /opt/airflow/dags/etl_top_users.py took 0.305 seconds
