[2025-06-22T15:25:47.475+0000] {manager.py:469} INFO - Processing files using up to 2 processes at a time 
[2025-06-22T15:25:47.476+0000] {manager.py:470} INFO - Process each file at most once every 30 seconds
[2025-06-22T15:25:47.477+0000] {manager.py:471} INFO - Checking for new files in /opt/airflow/dags every 300 seconds
[2025-06-22T15:25:47.478+0000] {manager.py:738} INFO - Searching for files in /opt/airflow/dags
[2025-06-22T15:25:47.487+0000] {manager.py:741} INFO - There are 0 files in /opt/airflow/dags
[2025-06-22T15:30:47.873+0000] {manager.py:738} INFO - Searching for files in /opt/airflow/dags
[2025-06-22T15:30:47.898+0000] {manager.py:741} INFO - There are 0 files in /opt/airflow/dags
[2025-06-22T15:48:16.559+0000] {manager.py:738} INFO - Searching for files in /opt/airflow/dags
[2025-06-22T15:48:16.592+0000] {manager.py:741} INFO - There are 0 files in /opt/airflow/dags
[2025-06-22T15:53:17.179+0000] {manager.py:738} INFO - Searching for files in /opt/airflow/dags
[2025-06-22T15:53:17.259+0000] {manager.py:741} INFO - There are 1 files in /opt/airflow/dags
[2025-06-22T15:53:31.429+0000] {manager.py:879} INFO - 
================================================================================
DAG File Processing Stats

File Path                           PID    Runtime      # DAGs    # Errors  Last Runtime    Last Run
----------------------------------  -----  ---------  --------  ----------  --------------  -------------------
/opt/airflow/dags/etl_top_users.py                           1           0  1.38s           2025-06-22T15:53:18
================================================================================
[2025-06-22T15:54:01.685+0000] {manager.py:879} INFO - 
================================================================================
DAG File Processing Stats

File Path                           PID    Runtime      # DAGs    # Errors  Last Runtime    Last Run
----------------------------------  -----  ---------  --------  ----------  --------------  -------------------
/opt/airflow/dags/etl_top_users.py                           1           0  0.32s           2025-06-22T15:53:39
================================================================================
[2025-06-22T15:54:32.267+0000] {manager.py:879} INFO - 
================================================================================
DAG File Processing Stats

File Path                           PID    Runtime      # DAGs    # Errors  Last Runtime    Last Run
----------------------------------  -----  ---------  --------  ----------  --------------  -------------------
/opt/airflow/dags/etl_top_users.py                           1           0  0.32s           2025-06-22T15:54:10
================================================================================
[2025-06-22T15:55:02.975+0000] {manager.py:879} INFO - 
================================================================================
DAG File Processing Stats

File Path                           PID    Runtime      # DAGs    # Errors  Last Runtime    Last Run
----------------------------------  -----  ---------  --------  ----------  --------------  -------------------
/opt/airflow/dags/etl_top_users.py                           1           0  0.28s           2025-06-22T15:54:40
================================================================================
[2025-06-22T15:55:12.720+0000] {manager.py:451} INFO - Exiting gracefully upon receiving signal 15
[2025-06-22T15:56:40.271+0000] {manager.py:469} INFO - Processing files using up to 2 processes at a time 
[2025-06-22T15:56:40.272+0000] {manager.py:470} INFO - Process each file at most once every 30 seconds
[2025-06-22T15:56:40.272+0000] {manager.py:471} INFO - Checking for new files in /opt/airflow/dags every 300 seconds
[2025-06-22T15:56:40.273+0000] {manager.py:738} INFO - Searching for files in /opt/airflow/dags
[2025-06-22T15:56:40.306+0000] {manager.py:741} INFO - There are 1 files in /opt/airflow/dags
[2025-06-22T15:56:40.410+0000] {manager.py:879} INFO - 
================================================================================
DAG File Processing Stats

File Path                             PID  Runtime      # DAGs    # Errors  Last Runtime    Last Run
----------------------------------  -----  ---------  --------  ----------  --------------  ----------
/opt/airflow/dags/etl_top_users.py    175  0.04s             0           0
================================================================================
[2025-06-22T15:57:10.616+0000] {manager.py:879} INFO - 
================================================================================
DAG File Processing Stats

File Path                           PID    Runtime      # DAGs    # Errors  Last Runtime    Last Run
----------------------------------  -----  ---------  --------  ----------  --------------  -------------------
/opt/airflow/dags/etl_top_users.py                           1           0  0.61s           2025-06-22T15:56:40
================================================================================
[2025-06-22T15:57:40.879+0000] {manager.py:879} INFO - 
================================================================================
DAG File Processing Stats

File Path                           PID    Runtime      # DAGs    # Errors  Last Runtime    Last Run
----------------------------------  -----  ---------  --------  ----------  --------------  -------------------
/opt/airflow/dags/etl_top_users.py                           1           0  0.53s           2025-06-22T15:57:11
================================================================================
[2025-06-22T15:58:11.364+0000] {manager.py:879} INFO - 
================================================================================
DAG File Processing Stats

File Path                           PID    Runtime      # DAGs    # Errors  Last Runtime    Last Run
----------------------------------  -----  ---------  --------  ----------  --------------  -------------------
/opt/airflow/dags/etl_top_users.py                           1           0  0.34s           2025-06-22T15:57:42
================================================================================
[2025-06-22T15:58:41.716+0000] {manager.py:879} INFO - 
================================================================================
DAG File Processing Stats

File Path                           PID    Runtime      # DAGs    # Errors  Last Runtime    Last Run
----------------------------------  -----  ---------  --------  ----------  --------------  -------------------
/opt/airflow/dags/etl_top_users.py                           1           0  0.33s           2025-06-22T15:58:12
================================================================================
[2025-06-22T15:59:12.192+0000] {manager.py:879} INFO - 
================================================================================
DAG File Processing Stats

File Path                           PID    Runtime      # DAGs    # Errors  Last Runtime    Last Run
----------------------------------  -----  ---------  --------  ----------  --------------  -------------------
/opt/airflow/dags/etl_top_users.py                           1           0  0.33s           2025-06-22T15:58:43
================================================================================
[2025-06-22T15:59:42.515+0000] {manager.py:879} INFO - 
================================================================================
DAG File Processing Stats

File Path                           PID    Runtime      # DAGs    # Errors  Last Runtime    Last Run
----------------------------------  -----  ---------  --------  ----------  --------------  -------------------
/opt/airflow/dags/etl_top_users.py                           1           0  0.30s           2025-06-22T15:59:13
================================================================================
[2025-06-22T16:00:12.912+0000] {manager.py:879} INFO - 
================================================================================
DAG File Processing Stats

File Path                           PID    Runtime      # DAGs    # Errors  Last Runtime    Last Run
----------------------------------  -----  ---------  --------  ----------  --------------  -------------------
/opt/airflow/dags/etl_top_users.py                           1           0  0.29s           2025-06-22T15:59:43
================================================================================
[2025-06-22T16:00:43.210+0000] {manager.py:879} INFO - 
================================================================================
DAG File Processing Stats

File Path                           PID    Runtime      # DAGs    # Errors  Last Runtime    Last Run
----------------------------------  -----  ---------  --------  ----------  --------------  -------------------
/opt/airflow/dags/etl_top_users.py                           1           0  0.28s           2025-06-22T16:00:14
================================================================================
[2025-06-22T16:01:13.461+0000] {manager.py:879} INFO - 
================================================================================
DAG File Processing Stats

File Path                           PID    Runtime      # DAGs    # Errors  Last Runtime    Last Run
----------------------------------  -----  ---------  --------  ----------  --------------  -------------------
/opt/airflow/dags/etl_top_users.py                           1           0  0.92s           2025-06-22T16:00:45
================================================================================
[2025-06-22T16:01:40.779+0000] {manager.py:738} INFO - Searching for files in /opt/airflow/dags
[2025-06-22T16:01:40.852+0000] {manager.py:741} INFO - There are 1 files in /opt/airflow/dags
[2025-06-22T16:01:43.894+0000] {manager.py:879} INFO - 
================================================================================
DAG File Processing Stats

File Path                           PID    Runtime      # DAGs    # Errors  Last Runtime    Last Run
----------------------------------  -----  ---------  --------  ----------  --------------  -------------------
/opt/airflow/dags/etl_top_users.py                           1           0  0.31s           2025-06-22T16:01:15
================================================================================
[2025-06-22T16:02:14.226+0000] {manager.py:879} INFO - 
================================================================================
DAG File Processing Stats

File Path                           PID    Runtime      # DAGs    # Errors  Last Runtime    Last Run
----------------------------------  -----  ---------  --------  ----------  --------------  -------------------
/opt/airflow/dags/etl_top_users.py                           1           0  0.32s           2025-06-22T16:01:46
================================================================================
[2025-06-22T16:02:44.651+0000] {manager.py:879} INFO - 
================================================================================
DAG File Processing Stats

File Path                           PID    Runtime      # DAGs    # Errors  Last Runtime    Last Run
----------------------------------  -----  ---------  --------  ----------  --------------  -------------------
/opt/airflow/dags/etl_top_users.py                           1           0  0.32s           2025-06-22T16:02:16
================================================================================
[2025-06-22T16:03:15.023+0000] {manager.py:879} INFO - 
================================================================================
DAG File Processing Stats

File Path                           PID    Runtime      # DAGs    # Errors  Last Runtime    Last Run
----------------------------------  -----  ---------  --------  ----------  --------------  -------------------
/opt/airflow/dags/etl_top_users.py                           1           0  0.29s           2025-06-22T16:02:46
================================================================================
[2025-06-22T16:03:45.453+0000] {manager.py:879} INFO - 
================================================================================
DAG File Processing Stats

File Path                           PID    Runtime      # DAGs    # Errors  Last Runtime    Last Run
----------------------------------  -----  ---------  --------  ----------  --------------  -------------------
/opt/airflow/dags/etl_top_users.py                           1           0  0.31s           2025-06-22T16:03:17
================================================================================
[2025-06-22T16:04:15.892+0000] {manager.py:879} INFO - 
================================================================================
DAG File Processing Stats

File Path                           PID    Runtime      # DAGs    # Errors  Last Runtime    Last Run
----------------------------------  -----  ---------  --------  ----------  --------------  -------------------
/opt/airflow/dags/etl_top_users.py                           1           0  0.29s           2025-06-22T16:03:47
================================================================================
[2025-06-22T16:04:46.282+0000] {manager.py:879} INFO - 
================================================================================
DAG File Processing Stats

File Path                           PID    Runtime      # DAGs    # Errors  Last Runtime    Last Run
----------------------------------  -----  ---------  --------  ----------  --------------  -------------------
/opt/airflow/dags/etl_top_users.py                           1           0  0.28s           2025-06-22T16:04:18
================================================================================
[2025-06-22T16:05:16.740+0000] {manager.py:879} INFO - 
================================================================================
DAG File Processing Stats

File Path                           PID    Runtime      # DAGs    # Errors  Last Runtime    Last Run
----------------------------------  -----  ---------  --------  ----------  --------------  -------------------
/opt/airflow/dags/etl_top_users.py                           1           0  0.31s           2025-06-22T16:04:48
================================================================================
[2025-06-22T16:05:47.121+0000] {manager.py:879} INFO - 
================================================================================
DAG File Processing Stats

File Path                           PID    Runtime      # DAGs    # Errors  Last Runtime    Last Run
----------------------------------  -----  ---------  --------  ----------  --------------  -------------------
/opt/airflow/dags/etl_top_users.py                           1           0  0.26s           2025-06-22T16:05:19
================================================================================
[2025-06-22T16:06:17.562+0000] {manager.py:879} INFO - 
================================================================================
DAG File Processing Stats

File Path                           PID    Runtime      # DAGs    # Errors  Last Runtime    Last Run
----------------------------------  -----  ---------  --------  ----------  --------------  -------------------
/opt/airflow/dags/etl_top_users.py                           1           0  0.29s           2025-06-22T16:05:49
================================================================================
[2025-06-22T16:06:40.860+0000] {manager.py:738} INFO - Searching for files in /opt/airflow/dags
[2025-06-22T16:06:40.895+0000] {manager.py:741} INFO - There are 1 files in /opt/airflow/dags
[2025-06-22T16:06:47.967+0000] {manager.py:879} INFO - 
================================================================================
DAG File Processing Stats

File Path                           PID    Runtime      # DAGs    # Errors  Last Runtime    Last Run
----------------------------------  -----  ---------  --------  ----------  --------------  -------------------
/opt/airflow/dags/etl_top_users.py                           1           0  0.28s           2025-06-22T16:06:19
================================================================================
[2025-06-22T16:07:18.386+0000] {manager.py:879} INFO - 
================================================================================
DAG File Processing Stats

File Path                           PID    Runtime      # DAGs    # Errors  Last Runtime    Last Run
----------------------------------  -----  ---------  --------  ----------  --------------  -------------------
/opt/airflow/dags/etl_top_users.py                           1           0  0.32s           2025-06-22T16:06:50
================================================================================
[2025-06-22T16:07:48.791+0000] {manager.py:879} INFO - 
================================================================================
DAG File Processing Stats

File Path                           PID    Runtime      # DAGs    # Errors  Last Runtime    Last Run
----------------------------------  -----  ---------  --------  ----------  --------------  -------------------
/opt/airflow/dags/etl_top_users.py                           1           0  0.69s           2025-06-22T16:07:21
================================================================================
[2025-06-22T16:08:18.886+0000] {manager.py:879} INFO - 
================================================================================
DAG File Processing Stats

File Path                           PID    Runtime      # DAGs    # Errors  Last Runtime    Last Run
----------------------------------  -----  ---------  --------  ----------  --------------  -------------------
/opt/airflow/dags/etl_top_users.py                           1           0  0.30s           2025-06-22T16:07:51
================================================================================
[2025-06-22T16:08:49.114+0000] {manager.py:879} INFO - 
================================================================================
DAG File Processing Stats

File Path                           PID    Runtime      # DAGs    # Errors  Last Runtime    Last Run
----------------------------------  -----  ---------  --------  ----------  --------------  -------------------
/opt/airflow/dags/etl_top_users.py                           1           0  0.30s           2025-06-22T16:08:22
================================================================================
[2025-06-22T16:09:19.718+0000] {manager.py:879} INFO - 
================================================================================
DAG File Processing Stats

File Path                           PID    Runtime      # DAGs    # Errors  Last Runtime    Last Run
----------------------------------  -----  ---------  --------  ----------  --------------  -------------------
/opt/airflow/dags/etl_top_users.py                           1           0  0.31s           2025-06-22T16:08:52
================================================================================
[2025-06-22T16:09:50.191+0000] {manager.py:879} INFO - 
================================================================================
DAG File Processing Stats

File Path                           PID    Runtime      # DAGs    # Errors  Last Runtime    Last Run
----------------------------------  -----  ---------  --------  ----------  --------------  -------------------
/opt/airflow/dags/etl_top_users.py                           1           0  0.30s           2025-06-22T16:09:23
================================================================================
[2025-06-22T16:10:20.685+0000] {manager.py:879} INFO - 
================================================================================
DAG File Processing Stats

File Path                           PID    Runtime      # DAGs    # Errors  Last Runtime    Last Run
----------------------------------  -----  ---------  --------  ----------  --------------  -------------------
/opt/airflow/dags/etl_top_users.py                           1           0  0.29s           2025-06-22T16:09:53
================================================================================
[2025-06-22T16:10:51.261+0000] {manager.py:879} INFO - 
================================================================================
DAG File Processing Stats

File Path                           PID    Runtime      # DAGs    # Errors  Last Runtime    Last Run
----------------------------------  -----  ---------  --------  ----------  --------------  -------------------
/opt/airflow/dags/etl_top_users.py                           1           0  0.29s           2025-06-22T16:10:24
================================================================================
[2025-06-22T16:11:21.770+0000] {manager.py:879} INFO - 
================================================================================
DAG File Processing Stats

File Path                           PID    Runtime      # DAGs    # Errors  Last Runtime    Last Run
----------------------------------  -----  ---------  --------  ----------  --------------  -------------------
/opt/airflow/dags/etl_top_users.py                           1           0  0.28s           2025-06-22T16:10:54
================================================================================
[2025-06-22T16:11:41.168+0000] {manager.py:738} INFO - Searching for files in /opt/airflow/dags
[2025-06-22T16:11:41.256+0000] {manager.py:741} INFO - There are 1 files in /opt/airflow/dags
[2025-06-22T16:11:52.361+0000] {manager.py:879} INFO - 
================================================================================
DAG File Processing Stats

File Path                           PID    Runtime      # DAGs    # Errors  Last Runtime    Last Run
----------------------------------  -----  ---------  --------  ----------  --------------  -------------------
/opt/airflow/dags/etl_top_users.py                           1           0  0.29s           2025-06-22T16:11:25
================================================================================
[2025-06-22T16:12:22.714+0000] {manager.py:879} INFO - 
================================================================================
DAG File Processing Stats

File Path                           PID    Runtime      # DAGs    # Errors  Last Runtime    Last Run
----------------------------------  -----  ---------  --------  ----------  --------------  -------------------
/opt/airflow/dags/etl_top_users.py                           1           0  0.28s           2025-06-22T16:11:55
================================================================================
[2025-06-22T16:12:53.051+0000] {manager.py:879} INFO - 
================================================================================
DAG File Processing Stats

File Path                           PID    Runtime      # DAGs    # Errors  Last Runtime    Last Run
----------------------------------  -----  ---------  --------  ----------  --------------  -------------------
/opt/airflow/dags/etl_top_users.py                           1           0  0.30s           2025-06-22T16:12:26
================================================================================
[2025-06-22T16:13:23.526+0000] {manager.py:879} INFO - 
================================================================================
DAG File Processing Stats

File Path                           PID    Runtime      # DAGs    # Errors  Last Runtime    Last Run
----------------------------------  -----  ---------  --------  ----------  --------------  -------------------
/opt/airflow/dags/etl_top_users.py                           1           0  0.27s           2025-06-22T16:12:56
================================================================================
[2025-06-22T16:13:53.770+0000] {manager.py:879} INFO - 
================================================================================
DAG File Processing Stats

File Path                           PID    Runtime      # DAGs    # Errors  Last Runtime    Last Run
----------------------------------  -----  ---------  --------  ----------  --------------  -------------------
/opt/airflow/dags/etl_top_users.py                           1           0  0.32s           2025-06-22T16:13:26
================================================================================
[2025-06-22T16:14:24.279+0000] {manager.py:879} INFO - 
================================================================================
DAG File Processing Stats

File Path                           PID    Runtime      # DAGs    # Errors  Last Runtime    Last Run
----------------------------------  -----  ---------  --------  ----------  --------------  -------------------
/opt/airflow/dags/etl_top_users.py                           1           0  0.38s           2025-06-22T16:13:57
================================================================================
[2025-06-22T16:14:54.936+0000] {manager.py:879} INFO - 
================================================================================
DAG File Processing Stats

File Path                           PID    Runtime      # DAGs    # Errors  Last Runtime    Last Run
----------------------------------  -----  ---------  --------  ----------  --------------  -------------------
/opt/airflow/dags/etl_top_users.py                           1           0  0.31s           2025-06-22T16:14:28
================================================================================
[2025-06-22T16:15:25.446+0000] {manager.py:879} INFO - 
================================================================================
DAG File Processing Stats

File Path                           PID    Runtime      # DAGs    # Errors  Last Runtime    Last Run
----------------------------------  -----  ---------  --------  ----------  --------------  -------------------
/opt/airflow/dags/etl_top_users.py                           1           0  0.29s           2025-06-22T16:14:58
================================================================================
[2025-06-22T16:15:56.091+0000] {manager.py:879} INFO - 
================================================================================
DAG File Processing Stats

File Path                           PID    Runtime      # DAGs    # Errors  Last Runtime    Last Run
----------------------------------  -----  ---------  --------  ----------  --------------  -------------------
/opt/airflow/dags/etl_top_users.py                           1           0  0.30s           2025-06-22T16:15:29
================================================================================
[2025-06-22T16:16:26.692+0000] {manager.py:879} INFO - 
================================================================================
DAG File Processing Stats

File Path                           PID    Runtime      # DAGs    # Errors  Last Runtime    Last Run
----------------------------------  -----  ---------  --------  ----------  --------------  -------------------
/opt/airflow/dags/etl_top_users.py                           1           0  0.28s           2025-06-22T16:15:59
================================================================================
[2025-06-22T16:16:42.105+0000] {manager.py:738} INFO - Searching for files in /opt/airflow/dags
[2025-06-22T16:16:42.143+0000] {manager.py:741} INFO - There are 1 files in /opt/airflow/dags
[2025-06-22T16:16:57.268+0000] {manager.py:879} INFO - 
================================================================================
DAG File Processing Stats

File Path                           PID    Runtime      # DAGs    # Errors  Last Runtime    Last Run
----------------------------------  -----  ---------  --------  ----------  --------------  -------------------
/opt/airflow/dags/etl_top_users.py                           1           0  0.29s           2025-06-22T16:16:30
================================================================================
[2025-06-22T16:17:27.568+0000] {manager.py:879} INFO - 
================================================================================
DAG File Processing Stats

File Path                           PID    Runtime      # DAGs    # Errors  Last Runtime    Last Run
----------------------------------  -----  ---------  --------  ----------  --------------  -------------------
/opt/airflow/dags/etl_top_users.py                           1           0  0.26s           2025-06-22T16:17:00
================================================================================
[2025-06-22T16:17:57.828+0000] {manager.py:879} INFO - 
================================================================================
DAG File Processing Stats

File Path                           PID    Runtime      # DAGs    # Errors  Last Runtime    Last Run
----------------------------------  -----  ---------  --------  ----------  --------------  -------------------
/opt/airflow/dags/etl_top_users.py                           1           0  0.27s           2025-06-22T16:17:30
================================================================================
[2025-06-22T16:18:28.455+0000] {manager.py:879} INFO - 
================================================================================
DAG File Processing Stats

File Path                           PID    Runtime      # DAGs    # Errors  Last Runtime    Last Run
----------------------------------  -----  ---------  --------  ----------  --------------  -------------------
/opt/airflow/dags/etl_top_users.py                           1           0  0.32s           2025-06-22T16:18:01
================================================================================
[2025-06-22T16:18:59.015+0000] {manager.py:879} INFO - 
================================================================================
DAG File Processing Stats

File Path                           PID    Runtime      # DAGs    # Errors  Last Runtime    Last Run
----------------------------------  -----  ---------  --------  ----------  --------------  -------------------
/opt/airflow/dags/etl_top_users.py                           1           0  0.26s           2025-06-22T16:18:32
================================================================================
[2025-06-22T16:19:29.609+0000] {manager.py:879} INFO - 
================================================================================
DAG File Processing Stats

File Path                           PID    Runtime      # DAGs    # Errors  Last Runtime    Last Run
----------------------------------  -----  ---------  --------  ----------  --------------  -------------------
/opt/airflow/dags/etl_top_users.py                           1           0  0.29s           2025-06-22T16:19:02
================================================================================
[2025-06-22T16:19:59.922+0000] {manager.py:879} INFO - 
================================================================================
DAG File Processing Stats

File Path                           PID    Runtime      # DAGs    # Errors  Last Runtime    Last Run
----------------------------------  -----  ---------  --------  ----------  --------------  -------------------
/opt/airflow/dags/etl_top_users.py                           1           0  0.28s           2025-06-22T16:19:32
================================================================================
[2025-06-22T16:20:30.420+0000] {manager.py:879} INFO - 
================================================================================
DAG File Processing Stats

File Path                           PID    Runtime      # DAGs    # Errors  Last Runtime    Last Run
----------------------------------  -----  ---------  --------  ----------  --------------  -------------------
/opt/airflow/dags/etl_top_users.py                           1           0  0.29s           2025-06-22T16:20:03
================================================================================
[2025-06-22T16:21:00.738+0000] {manager.py:879} INFO - 
================================================================================
DAG File Processing Stats

File Path                           PID    Runtime      # DAGs    # Errors  Last Runtime    Last Run
----------------------------------  -----  ---------  --------  ----------  --------------  -------------------
/opt/airflow/dags/etl_top_users.py                           1           0  0.40s           2025-06-22T16:20:33
================================================================================
[2025-06-22T16:21:31.361+0000] {manager.py:879} INFO - 
================================================================================
DAG File Processing Stats

File Path                           PID    Runtime      # DAGs    # Errors  Last Runtime    Last Run
----------------------------------  -----  ---------  --------  ----------  --------------  -------------------
/opt/airflow/dags/etl_top_users.py                           1           0  0.29s           2025-06-22T16:21:04
================================================================================
[2025-06-22T16:21:42.775+0000] {manager.py:738} INFO - Searching for files in /opt/airflow/dags
[2025-06-22T16:21:42.806+0000] {manager.py:741} INFO - There are 1 files in /opt/airflow/dags
[2025-06-22T16:22:01.973+0000] {manager.py:879} INFO - 
================================================================================
DAG File Processing Stats

File Path                           PID    Runtime      # DAGs    # Errors  Last Runtime    Last Run
----------------------------------  -----  ---------  --------  ----------  --------------  -------------------
/opt/airflow/dags/etl_top_users.py                           1           0  0.30s           2025-06-22T16:21:34
================================================================================
[2025-06-22T16:22:32.526+0000] {manager.py:879} INFO - 
================================================================================
DAG File Processing Stats

File Path                           PID    Runtime      # DAGs    # Errors  Last Runtime    Last Run
----------------------------------  -----  ---------  --------  ----------  --------------  -------------------
/opt/airflow/dags/etl_top_users.py                           1           0  0.34s           2025-06-22T16:22:05
================================================================================
[2025-06-22T16:23:02.853+0000] {manager.py:879} INFO - 
================================================================================
DAG File Processing Stats

File Path                           PID    Runtime      # DAGs    # Errors  Last Runtime    Last Run
----------------------------------  -----  ---------  --------  ----------  --------------  -------------------
/opt/airflow/dags/etl_top_users.py                           1           0  0.28s           2025-06-22T16:22:35
================================================================================
[2025-06-22T16:23:33.144+0000] {manager.py:879} INFO - 
================================================================================
DAG File Processing Stats

File Path                           PID    Runtime      # DAGs    # Errors  Last Runtime    Last Run
----------------------------------  -----  ---------  --------  ----------  --------------  -------------------
/opt/airflow/dags/etl_top_users.py                           1           0  0.27s           2025-06-22T16:23:06
================================================================================
[2025-06-22T16:24:03.640+0000] {manager.py:879} INFO - 
================================================================================
DAG File Processing Stats

File Path                           PID    Runtime      # DAGs    # Errors  Last Runtime    Last Run
----------------------------------  -----  ---------  --------  ----------  --------------  -------------------
/opt/airflow/dags/etl_top_users.py                           1           0  0.28s           2025-06-22T16:23:36
================================================================================
[2025-06-22T16:24:33.951+0000] {manager.py:879} INFO - 
================================================================================
DAG File Processing Stats

File Path                           PID    Runtime      # DAGs    # Errors  Last Runtime    Last Run
----------------------------------  -----  ---------  --------  ----------  --------------  -------------------
/opt/airflow/dags/etl_top_users.py                           1           0  0.30s           2025-06-22T16:24:06
================================================================================
[2025-06-22T16:25:04.501+0000] {manager.py:879} INFO - 
================================================================================
DAG File Processing Stats

File Path                           PID    Runtime      # DAGs    # Errors  Last Runtime    Last Run
----------------------------------  -----  ---------  --------  ----------  --------------  -------------------
/opt/airflow/dags/etl_top_users.py                           1           0  0.26s           2025-06-22T16:24:37
================================================================================
[2025-06-22T16:25:34.786+0000] {manager.py:879} INFO - 
================================================================================
DAG File Processing Stats

File Path                           PID    Runtime      # DAGs    # Errors  Last Runtime    Last Run
----------------------------------  -----  ---------  --------  ----------  --------------  -------------------
/opt/airflow/dags/etl_top_users.py                           1           0  0.29s           2025-06-22T16:25:07
================================================================================
[2025-06-22T16:26:05.320+0000] {manager.py:879} INFO - 
================================================================================
DAG File Processing Stats

File Path                           PID    Runtime      # DAGs    # Errors  Last Runtime    Last Run
----------------------------------  -----  ---------  --------  ----------  --------------  -------------------
/opt/airflow/dags/etl_top_users.py                           1           0  0.30s           2025-06-22T16:25:38
================================================================================
[2025-06-22T16:26:35.847+0000] {manager.py:879} INFO - 
================================================================================
DAG File Processing Stats

File Path                           PID    Runtime      # DAGs    # Errors  Last Runtime    Last Run
----------------------------------  -----  ---------  --------  ----------  --------------  -------------------
/opt/airflow/dags/etl_top_users.py                           1           0  0.27s           2025-06-22T16:26:08
================================================================================
[2025-06-22T16:26:43.236+0000] {manager.py:738} INFO - Searching for files in /opt/airflow/dags
[2025-06-22T16:26:43.283+0000] {manager.py:741} INFO - There are 1 files in /opt/airflow/dags
[2025-06-22T16:27:06.484+0000] {manager.py:879} INFO - 
================================================================================
DAG File Processing Stats

File Path                           PID    Runtime      # DAGs    # Errors  Last Runtime    Last Run
----------------------------------  -----  ---------  --------  ----------  --------------  -------------------
/opt/airflow/dags/etl_top_users.py                           1           0  0.29s           2025-06-22T16:26:39
================================================================================
[2025-06-22T16:27:16.008+0000] {manager.py:1129} WARNING - Skipping processing of missing file: /opt/airflow/dags/etl_top_users.py
[2025-06-22T16:27:53.292+0000] {manager.py:451} INFO - Exiting gracefully upon receiving signal 15
